Cache sync 1 at Wed Apr 29 13:50:28 UTC 2026
Cache sync 2 at Wed Apr 29 13:50:28 UTC 2026
Cache sync 3 at Wed Apr 29 13:50:28 UTC 2026
Cache sync 4 at Wed Apr 29 13:50:28 UTC 2026
Cache sync 5 at Wed Apr 29 13:50:28 UTC 2026
Cache sync 6 at Wed Apr 29 13:50:28 UTC 2026
Cache sync 7 at Wed Apr 29 13:50:28 UTC 2026
Cache sync 8 at Wed Apr 29 13:50:28 UTC 2026
Cache sync 9 at Wed Apr 29 13:50:28 UTC 2026
Cache sync 10 at Wed Apr 29 13:50:28 UTC 2026
Cache sync 11 at Wed Apr 29 13:50:28 UTC 2026
Cache sync 12 at Wed Apr 29 13:50:28 UTC 2026
Cache sync 13 at Wed Apr 29 13:50:28 UTC 2026
Cache sync 14 at Wed Apr 29 13:50:28 UTC 2026
Cache sync 15 at Wed Apr 29 13:50:28 UTC 2026
Cache sync 16 at Wed Apr 29 13:50:28 UTC 2026
Cache sync 17 at Wed Apr 29 13:50:28 UTC 2026
Cache sync 18 at Wed Apr 29 13:50:28 UTC 2026
Cache sync 19 at Wed Apr 29 13:50:28 UTC 2026
Cache sync 20 at Wed Apr 29 13:50:28 UTC 2026
Cache sync 21 at Wed Apr 29 13:50:28 UTC 2026
Cache sync 22 at Wed Apr 29 13:50:28 UTC 2026
Cache sync 23 at Wed Apr 29 13:50:28 UTC 2026
Cache sync 24 at Wed Apr 29 13:50:28 UTC 2026
Cache sync 25 at Wed Apr 29 13:50:28 UTC 2026
Cache sync 26 at Wed Apr 29 13:50:28 UTC 2026
Cache sync 27 at Wed Apr 29 13:50:28 UTC 2026
Cache sync 28 at Wed Apr 29 13:50:28 UTC 2026
Cache sync 29 at Wed Apr 29 13:50:28 UTC 2026
Cache sync 30 at Wed Apr 29 13:50:28 UTC 2026
Cache sync 31 at Wed Apr 29 13:50:28 UTC 2026
Cache sync 1 at Wed Apr 29 19:21:31 UTC 2026
Cache sync 1 at Wed Apr 29 21:57:36 UTC 2026
Cache sync 2 at Wed Apr 29 21:57:36 UTC 2026
Cache sync 3 at Wed Apr 29 21:57:36 UTC 2026
Cache sync 4 at Wed Apr 29 21:57:36 UTC 2026
Cache sync 5 at Wed Apr 29 21:57:36 UTC 2026
Cache sync 6 at Wed Apr 29 21:57:36 UTC 2026
Cache sync 7 at Wed Apr 29 21:57:36 UTC 2026
Cache sync 8 at Wed Apr 29 21:57:36 UTC 2026
Cache sync 9 at Wed Apr 29 21:57:36 UTC 2026
Cache sync 10 at Wed Apr 29 21:57:36 UTC 2026
Cache sync 11 at Wed Apr 29 21:57:36 UTC 2026
Cache sync 12 at Wed Apr 29 21:57:36 UTC 2026
Cache sync 13 at Wed Apr 29 21:57:36 UTC 2026
Cache sync 14 at Wed Apr 29 21:57:36 UTC 2026
Cache sync 15 at Wed Apr 29 21:57:36 UTC 2026
Cache sync 16 at Wed Apr 29 21:57:36 UTC 2026
Cache sync 17 at Wed Apr 29 21:57:37 UTC 2026
Cache sync 18 at Wed Apr 29 21:57:37 UTC 2026
Cache sync 1 at Thu Apr 30 02:42:56 UTC 2026
Cache sync 2 at Thu Apr 30 02:42:56 UTC 2026
Cache sync 3 at Thu Apr 30 02:42:56 UTC 2026
Cache sync 4 at Thu Apr 30 02:42:56 UTC 2026
Cache sync 5 at Thu Apr 30 02:42:56 UTC 2026
Cache sync 6 at Thu Apr 30 02:42:56 UTC 2026
Cache sync 7 at Thu Apr 30 02:42:56 UTC 2026
Cache sync 8 at Thu Apr 30 02:42:56 UTC 2026
Cache sync 9 at Thu Apr 30 02:42:56 UTC 2026
Cache sync 10 at Thu Apr 30 02:42:56 UTC 2026
Cache sync 11 at Thu Apr 30 02:42:56 UTC 2026
Cache sync 12 at Thu Apr 30 02:42:56 UTC 2026
Cache sync 13 at Thu Apr 30 02:42:56 UTC 2026
Cache sync 14 at Thu Apr 30 02:42:56 UTC 2026
Cache sync 15 at Thu Apr 30 02:42:56 UTC 2026
Cache sync 16 at Thu Apr 30 02:42:56 UTC 2026
Cache sync 17 at Thu Apr 30 02:42:56 UTC 2026
Cache sync 1 at Thu Apr 30 05:56:44 UTC 2026
Cache sync 2 at Thu Apr 30 05:56:44 UTC 2026
Cache sync 3 at Thu Apr 30 05:56:44 UTC 2026
Cache sync 4 at Thu Apr 30 05:56:44 UTC 2026
Cache sync 5 at Thu Apr 30 05:56:44 UTC 2026
Cache sync 6 at Thu Apr 30 05:56:44 UTC 2026
Cache sync 7 at Thu Apr 30 05:56:44 UTC 2026
Cache sync 8 at Thu Apr 30 05:56:44 UTC 2026
Cache sync 9 at Thu Apr 30 05:56:44 UTC 2026
Cache sync 10 at Thu Apr 30 05:56:44 UTC 2026
Cache sync 11 at Thu Apr 30 05:56:44 UTC 2026
Cache sync 12 at Thu Apr 30 05:56:44 UTC 2026
Cache sync 13 at Thu Apr 30 05:56:44 UTC 2026
Cache sync 14 at Thu Apr 30 05:56:44 UTC 2026
Cache sync 15 at Thu Apr 30 05:56:44 UTC 2026
Cache sync 16 at Thu Apr 30 05:56:44 UTC 2026
Cache sync 17 at Thu Apr 30 05:56:44 UTC 2026
Cache sync 18 at Thu Apr 30 05:56:44 UTC 2026
Cache sync 19 at Thu Apr 30 05:56:44 UTC 2026
Cache sync 20 at Thu Apr 30 05:56:44 UTC 2026
Cache sync 21 at Thu Apr 30 05:56:44 UTC 2026
Cache sync 22 at Thu Apr 30 05:56:44 UTC 2026
Cache sync 23 at Thu Apr 30 05:56:44 UTC 2026
Cache sync 24 at Thu Apr 30 05:56:44 UTC 2026
Cache sync 1 at Thu Apr 30 08:25:00 UTC 2026
Cache sync 2 at Thu Apr 30 08:25:00 UTC 2026
Cache sync 3 at Thu Apr 30 08:25:00 UTC 2026
Cache sync 4 at Thu Apr 30 08:25:00 UTC 2026
Cache sync 5 at Thu Apr 30 08:25:01 UTC 2026
Cache sync 6 at Thu Apr 30 08:25:01 UTC 2026
Cache sync 7 at Thu Apr 30 08:25:01 UTC 2026
Cache sync 8 at Thu Apr 30 08:25:01 UTC 2026
Cache sync 9 at Thu Apr 30 08:25:01 UTC 2026
Cache sync 10 at Thu Apr 30 08:25:01 UTC 2026
Cache sync 11 at Thu Apr 30 08:25:01 UTC 2026
Cache sync 12 at Thu Apr 30 08:25:01 UTC 2026
Cache sync 13 at Thu Apr 30 08:25:01 UTC 2026
Cache sync 14 at Thu Apr 30 08:25:01 UTC 2026
Cache sync 15 at Thu Apr 30 08:25:01 UTC 2026
Cache sync 16 at Thu Apr 30 08:25:01 UTC 2026
Cache sync 17 at Thu Apr 30 08:25:01 UTC 2026
Cache sync 18 at Thu Apr 30 08:25:01 UTC 2026
Cache sync 19 at Thu Apr 30 08:25:01 UTC 2026
Cache sync 20 at Thu Apr 30 08:25:01 UTC 2026
Cache sync 21 at Thu Apr 30 08:25:01 UTC 2026
Cache sync 22 at Thu Apr 30 08:25:01 UTC 2026
Cache sync 23 at Thu Apr 30 08:25:01 UTC 2026
Cache sync 24 at Thu Apr 30 08:25:01 UTC 2026
Cache sync 25 at Thu Apr 30 08:25:01 UTC 2026
Cache sync 26 at Thu Apr 30 08:25:01 UTC 2026
Cache sync 27 at Thu Apr 30 08:25:01 UTC 2026
Cache sync 28 at Thu Apr 30 08:25:01 UTC 2026
Cache sync 29 at Thu Apr 30 08:25:01 UTC 2026
Cache sync 30 at Thu Apr 30 08:25:01 UTC 2026
Cache sync 31 at Thu Apr 30 08:25:01 UTC 2026
Cache sync 32 at Thu Apr 30 08:25:01 UTC 2026
Cache sync 33 at Thu Apr 30 08:25:01 UTC 2026
Cache sync 34 at Thu Apr 30 08:25:01 UTC 2026
Cache sync 35 at Thu Apr 30 08:25:01 UTC 2026
Cache sync 36 at Thu Apr 30 08:25:01 UTC 2026
Cache sync 37 at Thu Apr 30 08:25:01 UTC 2026
Cache sync 38 at Thu Apr 30 08:25:01 UTC 2026
Cache sync 39 at Thu Apr 30 08:25:01 UTC 2026
Cache sync 40 at Thu Apr 30 08:25:01 UTC 2026
Cache sync 41 at Thu Apr 30 08:25:01 UTC 2026
Cache sync 42 at Thu Apr 30 08:25:01 UTC 2026
Cache sync 43 at Thu Apr 30 08:25:01 UTC 2026
Cache sync 44 at Thu Apr 30 08:25:01 UTC 2026
Cache sync 45 at Thu Apr 30 08:25:01 UTC 2026
Cache sync 1 at Thu Apr 30 10:53:11 UTC 2026
Cache sync 2 at Thu Apr 30 10:53:11 UTC 2026
Cache sync 3 at Thu Apr 30 10:53:11 UTC 2026
Cache sync 4 at Thu Apr 30 10:53:11 UTC 2026
Cache sync 5 at Thu Apr 30 10:53:11 UTC 2026
Cache sync 6 at Thu Apr 30 10:53:11 UTC 2026
Cache sync 7 at Thu Apr 30 10:53:11 UTC 2026
Cache sync 8 at Thu Apr 30 10:53:11 UTC 2026
Cache sync 9 at Thu Apr 30 10:53:11 UTC 2026
Cache sync 10 at Thu Apr 30 10:53:11 UTC 2026
Cache sync 11 at Thu Apr 30 10:53:11 UTC 2026
Cache sync 12 at Thu Apr 30 10:53:11 UTC 2026
Cache sync 13 at Thu Apr 30 10:53:11 UTC 2026
Cache sync 14 at Thu Apr 30 10:53:11 UTC 2026
Cache sync 15 at Thu Apr 30 10:53:11 UTC 2026
Cache sync 16 at Thu Apr 30 10:53:11 UTC 2026
Cache sync 17 at Thu Apr 30 10:53:11 UTC 2026
Cache sync 18 at Thu Apr 30 10:53:11 UTC 2026
Cache sync 19 at Thu Apr 30 10:53:11 UTC 2026
Cache sync 20 at Thu Apr 30 10:53:11 UTC 2026
Cache sync 21 at Thu Apr 30 10:53:11 UTC 2026
Cache sync 22 at Thu Apr 30 10:53:11 UTC 2026
Cache sync 23 at Thu Apr 30 10:53:11 UTC 2026
Cache sync 24 at Thu Apr 30 10:53:11 UTC 2026
Cache sync 25 at Thu Apr 30 10:53:11 UTC 2026
Cache sync 26 at Thu Apr 30 10:53:11 UTC 2026
Cache sync 27 at Thu Apr 30 10:53:11 UTC 2026
Cache sync 28 at Thu Apr 30 10:53:11 UTC 2026
Cache sync 29 at Thu Apr 30 10:53:11 UTC 2026
Cache sync 30 at Thu Apr 30 10:53:11 UTC 2026
Cache sync 31 at Thu Apr 30 10:53:11 UTC 2026
Cache sync 32 at Thu Apr 30 10:53:11 UTC 2026
Cache sync 33 at Thu Apr 30 10:53:11 UTC 2026
Cache sync 34 at Thu Apr 30 10:53:11 UTC 2026
Cache sync 35 at Thu Apr 30 10:53:11 UTC 2026
Cache sync 36 at Thu Apr 30 10:53:11 UTC 2026
Cache sync 37 at Thu Apr 30 10:53:11 UTC 2026
Cache sync 38 at Thu Apr 30 10:53:11 UTC 2026
Cache sync 39 at Thu Apr 30 10:53:11 UTC 2026
Cache sync 40 at Thu Apr 30 10:53:11 UTC 2026
Cache sync 41 at Thu Apr 30 10:53:11 UTC 2026
Cache sync 42 at Thu Apr 30 10:53:11 UTC 2026
Cache sync 43 at Thu Apr 30 10:53:11 UTC 2026
Cache sync 44 at Thu Apr 30 10:53:11 UTC 2026
Cache sync 45 at Thu Apr 30 10:53:11 UTC 2026
Cache sync 46 at Thu Apr 30 10:53:11 UTC 2026
Cache sync 47 at Thu Apr 30 10:53:11 UTC 2026
Cache sync 48 at Thu Apr 30 10:53:11 UTC 2026
Cache sync 49 at Thu Apr 30 10:53:11 UTC 2026
Cache sync 50 at Thu Apr 30 10:53:11 UTC 2026
Cache sync 51 at Thu Apr 30 10:53:11 UTC 2026
Cache sync 52 at Thu Apr 30 10:53:11 UTC 2026
Cache sync 53 at Thu Apr 30 10:53:11 UTC 2026
Cache sync 54 at Thu Apr 30 10:53:11 UTC 2026
Cache sync 55 at Thu Apr 30 10:53:11 UTC 2026
Cache sync 56 at Thu Apr 30 10:53:11 UTC 2026
Cache sync 57 at Thu Apr 30 10:53:11 UTC 2026
Cache sync 58 at Thu Apr 30 10:53:11 UTC 2026
Cache sync 59 at Thu Apr 30 10:53:11 UTC 2026
Cache sync 60 at Thu Apr 30 10:53:11 UTC 2026
Cache sync 61 at Thu Apr 30 10:53:11 UTC 2026
Cache sync 62 at Thu Apr 30 10:53:11 UTC 2026
Cache sync 63 at Thu Apr 30 10:53:11 UTC 2026
Cache sync 64 at Thu Apr 30 10:53:11 UTC 2026
Cache sync 65 at Thu Apr 30 10:53:11 UTC 2026
Cache sync 66 at Thu Apr 30 10:53:11 UTC 2026
Cache sync 67 at Thu Apr 30 10:53:11 UTC 2026
Cache sync 68 at Thu Apr 30 10:53:11 UTC 2026
Cache sync 69 at Thu Apr 30 10:53:11 UTC 2026
Cache sync 70 at Thu Apr 30 10:53:11 UTC 2026
Cache sync 71 at Thu Apr 30 10:53:11 UTC 2026
Cache sync 72 at Thu Apr 30 10:53:11 UTC 2026
Cache sync 73 at Thu Apr 30 10:53:11 UTC 2026
Cache sync 74 at Thu Apr 30 10:53:11 UTC 2026
Cache sync 75 at Thu Apr 30 10:53:11 UTC 2026
Cache sync 76 at Thu Apr 30 10:53:11 UTC 2026
Cache sync 77 at Thu Apr 30 10:53:11 UTC 2026
Cache sync 78 at Thu Apr 30 10:53:11 UTC 2026
Cache sync 79 at Thu Apr 30 10:53:11 UTC 2026
Cache sync 1 at Thu Apr 30 13:49:19 UTC 2026
Cache sync 2 at Thu Apr 30 13:49:19 UTC 2026
Cache sync 3 at Thu Apr 30 13:49:19 UTC 2026
Cache sync 4 at Thu Apr 30 13:49:19 UTC 2026
Cache sync 5 at Thu Apr 30 13:49:19 UTC 2026
Cache sync 6 at Thu Apr 30 13:49:19 UTC 2026
Cache sync 7 at Thu Apr 30 13:49:19 UTC 2026
Cache sync 8 at Thu Apr 30 13:49:19 UTC 2026
Cache sync 9 at Thu Apr 30 13:49:19 UTC 2026
Cache sync 10 at Thu Apr 30 13:49:19 UTC 2026
Cache sync 11 at Thu Apr 30 13:49:19 UTC 2026
Cache sync 12 at Thu Apr 30 13:49:19 UTC 2026
Cache sync 13 at Thu Apr 30 13:49:19 UTC 2026
Cache sync 14 at Thu Apr 30 13:49:19 UTC 2026
Cache sync 15 at Thu Apr 30 13:49:19 UTC 2026
Cache sync 16 at Thu Apr 30 13:49:19 UTC 2026
Cache sync 17 at Thu Apr 30 13:49:19 UTC 2026
Cache sync 18 at Thu Apr 30 13:49:19 UTC 2026
Cache sync 19 at Thu Apr 30 13:49:19 UTC 2026
Cache sync 20 at Thu Apr 30 13:49:19 UTC 2026
Cache sync 21 at Thu Apr 30 13:49:19 UTC 2026
Cache sync 22 at Thu Apr 30 13:49:19 UTC 2026
Cache sync 23 at Thu Apr 30 13:49:19 UTC 2026
Cache sync 24 at Thu Apr 30 13:49:19 UTC 2026
Cache sync 25 at Thu Apr 30 13:49:19 UTC 2026
Cache sync 26 at Thu Apr 30 13:49:19 UTC 2026
Cache sync 27 at Thu Apr 30 13:49:19 UTC 2026
Cache sync 28 at Thu Apr 30 13:49:19 UTC 2026
Cache sync 29 at Thu Apr 30 13:49:19 UTC 2026
Cache sync 30 at Thu Apr 30 13:49:19 UTC 2026
Cache sync 31 at Thu Apr 30 13:49:19 UTC 2026
Cache sync 32 at Thu Apr 30 13:49:19 UTC 2026
Cache sync 33 at Thu Apr 30 13:49:19 UTC 2026
Cache sync 34 at Thu Apr 30 13:49:19 UTC 2026
Cache sync 35 at Thu Apr 30 13:49:19 UTC 2026
Cache sync 36 at Thu Apr 30 13:49:19 UTC 2026
Cache sync 37 at Thu Apr 30 13:49:19 UTC 2026
Cache sync 38 at Thu Apr 30 13:49:19 UTC 2026
Cache sync 39 at Thu Apr 30 13:49:19 UTC 2026
Cache sync 40 at Thu Apr 30 13:49:19 UTC 2026
Cache sync 41 at Thu Apr 30 13:49:19 UTC 2026
Cache sync 42 at Thu Apr 30 13:49:19 UTC 2026
Cache sync 1 at Thu Apr 30 16:17:13 UTC 2026
Cache sync 2 at Thu Apr 30 16:17:13 UTC 2026
Cache sync 3 at Thu Apr 30 16:17:13 UTC 2026
Cache sync 4 at Thu Apr 30 16:17:13 UTC 2026
Cache sync 5 at Thu Apr 30 16:17:13 UTC 2026
Cache sync 6 at Thu Apr 30 16:17:13 UTC 2026
Cache sync 7 at Thu Apr 30 16:17:13 UTC 2026
Cache sync 8 at Thu Apr 30 16:17:13 UTC 2026
Cache sync 9 at Thu Apr 30 16:17:13 UTC 2026
Cache sync 10 at Thu Apr 30 16:17:13 UTC 2026
Cache sync 11 at Thu Apr 30 16:17:13 UTC 2026
Cache sync 12 at Thu Apr 30 16:17:13 UTC 2026
Cache sync 13 at Thu Apr 30 16:17:13 UTC 2026
Cache sync 14 at Thu Apr 30 16:17:13 UTC 2026
Cache sync 15 at Thu Apr 30 16:17:13 UTC 2026
Cache sync 16 at Thu Apr 30 16:17:13 UTC 2026
Cache sync 17 at Thu Apr 30 16:17:13 UTC 2026
Cache sync 18 at Thu Apr 30 16:17:13 UTC 2026
Cache sync 19 at Thu Apr 30 16:17:13 UTC 2026
Cache sync 20 at Thu Apr 30 16:17:13 UTC 2026
Cache sync 21 at Thu Apr 30 16:17:13 UTC 2026
Cache sync 22 at Thu Apr 30 16:17:13 UTC 2026
Cache sync 23 at Thu Apr 30 16:17:13 UTC 2026
Cache sync 24 at Thu Apr 30 16:17:13 UTC 2026
Cache sync 25 at Thu Apr 30 16:17:13 UTC 2026
Cache sync 26 at Thu Apr 30 16:17:13 UTC 2026
Cache sync 27 at Thu Apr 30 16:17:13 UTC 2026
Cache sync 28 at Thu Apr 30 16:17:13 UTC 2026
Cache sync 29 at Thu Apr 30 16:17:13 UTC 2026
Cache sync 30 at Thu Apr 30 16:17:13 UTC 2026
Cache sync 31 at Thu Apr 30 16:17:13 UTC 2026
Cache sync 32 at Thu Apr 30 16:17:13 UTC 2026
Cache sync 33 at Thu Apr 30 16:17:13 UTC 2026
Cache sync 34 at Thu Apr 30 16:17:13 UTC 2026
Cache sync 35 at Thu Apr 30 16:17:14 UTC 2026
Cache sync 36 at Thu Apr 30 16:17:14 UTC 2026
Cache sync 37 at Thu Apr 30 16:17:14 UTC 2026
Cache sync 38 at Thu Apr 30 16:17:14 UTC 2026
Cache sync 39 at Thu Apr 30 16:17:14 UTC 2026
Cache sync 40 at Thu Apr 30 16:17:14 UTC 2026
Cache sync 41 at Thu Apr 30 16:17:14 UTC 2026
Cache sync 42 at Thu Apr 30 16:17:14 UTC 2026
Cache sync 43 at Thu Apr 30 16:17:14 UTC 2026
Cache sync 44 at Thu Apr 30 16:17:14 UTC 2026
Cache sync 45 at Thu Apr 30 16:17:14 UTC 2026
Cache sync 46 at Thu Apr 30 16:17:14 UTC 2026
Cache sync 47 at Thu Apr 30 16:17:14 UTC 2026
Cache sync 48 at Thu Apr 30 16:17:14 UTC 2026
Cache sync 1 at Thu Apr 30 19:17:27 UTC 2026
Cache sync 2 at Thu Apr 30 19:17:27 UTC 2026
Cache sync 3 at Thu Apr 30 19:17:27 UTC 2026
Cache sync 4 at Thu Apr 30 19:17:27 UTC 2026
Cache sync 5 at Thu Apr 30 19:17:27 UTC 2026
Cache sync 6 at Thu Apr 30 19:17:27 UTC 2026
Cache sync 7 at Thu Apr 30 19:17:27 UTC 2026
Cache sync 8 at Thu Apr 30 19:17:27 UTC 2026
Cache sync 9 at Thu Apr 30 19:17:27 UTC 2026
Cache sync 10 at Thu Apr 30 19:17:27 UTC 2026
Cache sync 11 at Thu Apr 30 19:17:27 UTC 2026
Cache sync 12 at Thu Apr 30 19:17:27 UTC 2026
Cache sync 13 at Thu Apr 30 19:17:27 UTC 2026
Cache sync 14 at Thu Apr 30 19:17:27 UTC 2026
Cache sync 15 at Thu Apr 30 19:17:27 UTC 2026
Cache sync 16 at Thu Apr 30 19:17:27 UTC 2026
Cache sync 17 at Thu Apr 30 19:17:27 UTC 2026
Cache sync 18 at Thu Apr 30 19:17:27 UTC 2026
Cache sync 19 at Thu Apr 30 19:17:27 UTC 2026
Cache sync 20 at Thu Apr 30 19:17:27 UTC 2026
Cache sync 21 at Thu Apr 30 19:17:27 UTC 2026
Cache sync 22 at Thu Apr 30 19:17:27 UTC 2026
Cache sync 23 at Thu Apr 30 19:17:27 UTC 2026
Cache sync 24 at Thu Apr 30 19:17:27 UTC 2026
Cache sync 25 at Thu Apr 30 19:17:27 UTC 2026
Cache sync 26 at Thu Apr 30 19:17:27 UTC 2026
Cache sync 27 at Thu Apr 30 19:17:27 UTC 2026
Cache sync 28 at Thu Apr 30 19:17:27 UTC 2026
Cache sync 29 at Thu Apr 30 19:17:27 UTC 2026
Cache sync 30 at Thu Apr 30 19:17:27 UTC 2026
Cache sync 31 at Thu Apr 30 19:17:27 UTC 2026
Cache sync 32 at Thu Apr 30 19:17:27 UTC 2026
Cache sync 33 at Thu Apr 30 19:17:27 UTC 2026
Cache sync 34 at Thu Apr 30 19:17:27 UTC 2026
Cache sync 35 at Thu Apr 30 19:17:27 UTC 2026
Cache sync 36 at Thu Apr 30 19:17:27 UTC 2026
Cache sync 37 at Thu Apr 30 19:17:27 UTC 2026
Cache sync 38 at Thu Apr 30 19:17:27 UTC 2026
Cache sync 39 at Thu Apr 30 19:17:27 UTC 2026
Cache sync 1 at Thu Apr 30 21:54:40 UTC 2026
Cache sync 2 at Thu Apr 30 21:54:40 UTC 2026
Cache sync 3 at Thu Apr 30 21:54:40 UTC 2026
Cache sync 4 at Thu Apr 30 21:54:40 UTC 2026
Cache sync 5 at Thu Apr 30 21:54:40 UTC 2026
Cache sync 6 at Thu Apr 30 21:54:40 UTC 2026
Cache sync 7 at Thu Apr 30 21:54:40 UTC 2026
Cache sync 8 at Thu Apr 30 21:54:40 UTC 2026
Cache sync 9 at Thu Apr 30 21:54:40 UTC 2026
Cache sync 10 at Thu Apr 30 21:54:40 UTC 2026
Cache sync 11 at Thu Apr 30 21:54:40 UTC 2026
Cache sync 12 at Thu Apr 30 21:54:40 UTC 2026
Cache sync 13 at Thu Apr 30 21:54:40 UTC 2026
Cache sync 14 at Thu Apr 30 21:54:40 UTC 2026
Cache sync 15 at Thu Apr 30 21:54:40 UTC 2026
Cache sync 16 at Thu Apr 30 21:54:41 UTC 2026
Cache sync 17 at Thu Apr 30 21:54:41 UTC 2026
Cache sync 18 at Thu Apr 30 21:54:41 UTC 2026
Cache sync 19 at Thu Apr 30 21:54:41 UTC 2026
Cache sync 20 at Thu Apr 30 21:54:41 UTC 2026
Cache sync 21 at Thu Apr 30 21:54:41 UTC 2026
Cache sync 22 at Thu Apr 30 21:54:41 UTC 2026
Cache sync 23 at Thu Apr 30 21:54:41 UTC 2026
Cache sync 24 at Thu Apr 30 21:54:41 UTC 2026
Cache sync 25 at Thu Apr 30 21:54:41 UTC 2026
Cache sync 26 at Thu Apr 30 21:54:41 UTC 2026
Cache sync 27 at Thu Apr 30 21:54:41 UTC 2026
Cache sync 28 at Thu Apr 30 21:54:41 UTC 2026
Cache sync 29 at Thu Apr 30 21:54:41 UTC 2026
Cache sync 30 at Thu Apr 30 21:54:41 UTC 2026
Cache sync 31 at Thu Apr 30 21:54:41 UTC 2026
Cache sync 32 at Thu Apr 30 21:54:41 UTC 2026
Cache sync 33 at Thu Apr 30 21:54:41 UTC 2026
Cache sync 34 at Thu Apr 30 21:54:41 UTC 2026
Cache sync 35 at Thu Apr 30 21:54:41 UTC 2026
Cache sync 36 at Thu Apr 30 21:54:41 UTC 2026
Cache sync 37 at Thu Apr 30 21:54:41 UTC 2026
Cache sync 38 at Thu Apr 30 21:54:41 UTC 2026
Cache sync 39 at Thu Apr 30 21:54:41 UTC 2026
Cache sync 40 at Thu Apr 30 21:54:41 UTC 2026
Cache sync 41 at Thu Apr 30 21:54:41 UTC 2026
Cache sync 42 at Thu Apr 30 21:54:41 UTC 2026
Cache sync 43 at Thu Apr 30 21:54:41 UTC 2026
Cache sync 44 at Thu Apr 30 21:54:41 UTC 2026
Cache sync 45 at Thu Apr 30 21:54:41 UTC 2026
Cache sync 46 at Thu Apr 30 21:54:41 UTC 2026
Cache sync 47 at Thu Apr 30 21:54:41 UTC 2026
Cache sync 48 at Thu Apr 30 21:54:41 UTC 2026
Cache sync 49 at Thu Apr 30 21:54:41 UTC 2026
Cache sync 50 at Thu Apr 30 21:54:41 UTC 2026
Cache sync 51 at Thu Apr 30 21:54:41 UTC 2026
Cache sync 52 at Thu Apr 30 21:54:41 UTC 2026
Cache sync 53 at Thu Apr 30 21:54:41 UTC 2026
Cache sync 54 at Thu Apr 30 21:54:41 UTC 2026
Cache sync 55 at Thu Apr 30 21:54:41 UTC 2026
Cache sync 56 at Thu Apr 30 21:54:41 UTC 2026
Cache sync 57 at Thu Apr 30 21:54:41 UTC 2026
Cache sync 58 at Thu Apr 30 21:54:41 UTC 2026
Cache sync 59 at Thu Apr 30 21:54:41 UTC 2026
Cache sync 60 at Thu Apr 30 21:54:41 UTC 2026
Cache sync 61 at Thu Apr 30 21:54:41 UTC 2026
Cache sync 62 at Thu Apr 30 21:54:41 UTC 2026
Cache sync 63 at Thu Apr 30 21:54:41 UTC 2026
Cache sync 64 at Thu Apr 30 21:54:41 UTC 2026
Cache sync 65 at Thu Apr 30 21:54:41 UTC 2026
Cache sync 66 at Thu Apr 30 21:54:41 UTC 2026
Cache sync 67 at Thu Apr 30 21:54:41 UTC 2026
Cache sync 68 at Thu Apr 30 21:54:41 UTC 2026
Cache sync 69 at Thu Apr 30 21:54:41 UTC 2026
Cache sync 70 at Thu Apr 30 21:54:41 UTC 2026
Cache sync 71 at Thu Apr 30 21:54:41 UTC 2026
Cache sync 72 at Thu Apr 30 21:54:41 UTC 2026
Cache sync 73 at Thu Apr 30 21:54:41 UTC 2026
Cache sync 74 at Thu Apr 30 21:54:41 UTC 2026
Cache sync 75 at Thu Apr 30 21:54:41 UTC 2026
Cache sync 76 at Thu Apr 30 21:54:41 UTC 2026
Cache sync 77 at Thu Apr 30 21:54:41 UTC 2026
Cache sync 78 at Thu Apr 30 21:54:42 UTC 2026
Cache sync 79 at Thu Apr 30 21:54:42 UTC 2026
Cache sync 1 at Fri May  1 02:49:25 UTC 2026
Cache sync 2 at Fri May  1 02:49:25 UTC 2026
Cache sync 3 at Fri May  1 02:49:25 UTC 2026
Cache sync 4 at Fri May  1 02:49:25 UTC 2026
Cache sync 5 at Fri May  1 02:49:25 UTC 2026
Cache sync 6 at Fri May  1 02:49:25 UTC 2026
Cache sync 7 at Fri May  1 02:49:25 UTC 2026
Cache sync 8 at Fri May  1 02:49:25 UTC 2026
Cache sync 9 at Fri May  1 02:49:25 UTC 2026
Cache sync 10 at Fri May  1 02:49:25 UTC 2026
Cache sync 11 at Fri May  1 02:49:25 UTC 2026
Cache sync 12 at Fri May  1 02:49:25 UTC 2026
Cache sync 13 at Fri May  1 02:49:25 UTC 2026
Cache sync 14 at Fri May  1 02:49:25 UTC 2026
Cache sync 15 at Fri May  1 02:49:25 UTC 2026
Cache sync 16 at Fri May  1 02:49:25 UTC 2026
Cache sync 17 at Fri May  1 02:49:25 UTC 2026
Cache sync 18 at Fri May  1 02:49:25 UTC 2026
Cache sync 19 at Fri May  1 02:49:25 UTC 2026
Cache sync 20 at Fri May  1 02:49:25 UTC 2026
Cache sync 21 at Fri May  1 02:49:25 UTC 2026
Cache sync 22 at Fri May  1 02:49:25 UTC 2026
Cache sync 23 at Fri May  1 02:49:25 UTC 2026
Cache sync 24 at Fri May  1 02:49:25 UTC 2026
Cache sync 25 at Fri May  1 02:49:25 UTC 2026
Cache sync 26 at Fri May  1 02:49:25 UTC 2026
Cache sync 27 at Fri May  1 02:49:26 UTC 2026
Cache sync 28 at Fri May  1 02:49:26 UTC 2026
Cache sync 29 at Fri May  1 02:49:26 UTC 2026
Cache sync 30 at Fri May  1 02:49:26 UTC 2026
Cache sync 31 at Fri May  1 02:49:26 UTC 2026
Cache sync 32 at Fri May  1 02:49:26 UTC 2026
Cache sync 33 at Fri May  1 02:49:26 UTC 2026
Cache sync 34 at Fri May  1 02:49:26 UTC 2026
Cache sync 35 at Fri May  1 02:49:26 UTC 2026
Cache sync 36 at Fri May  1 02:49:26 UTC 2026
Cache sync 37 at Fri May  1 02:49:26 UTC 2026
Cache sync 38 at Fri May  1 02:49:26 UTC 2026
Cache sync 39 at Fri May  1 02:49:26 UTC 2026
Cache sync 40 at Fri May  1 02:49:26 UTC 2026
Cache sync 41 at Fri May  1 02:49:26 UTC 2026
Cache sync 42 at Fri May  1 02:49:26 UTC 2026
Cache sync 43 at Fri May  1 02:49:26 UTC 2026
Cache sync 44 at Fri May  1 02:49:26 UTC 2026
Cache sync 45 at Fri May  1 02:49:26 UTC 2026
Cache sync 46 at Fri May  1 02:49:26 UTC 2026
Cache sync 47 at Fri May  1 02:49:26 UTC 2026
Cache sync 48 at Fri May  1 02:49:26 UTC 2026
Cache sync 49 at Fri May  1 02:49:26 UTC 2026
Cache sync 50 at Fri May  1 02:49:26 UTC 2026
Cache sync 51 at Fri May  1 02:49:26 UTC 2026
Cache sync 52 at Fri May  1 02:49:26 UTC 2026
Cache sync 53 at Fri May  1 02:49:26 UTC 2026
Cache sync 54 at Fri May  1 02:49:26 UTC 2026
Cache sync 55 at Fri May  1 02:49:26 UTC 2026
Cache sync 56 at Fri May  1 02:49:26 UTC 2026
Cache sync 57 at Fri May  1 02:49:26 UTC 2026
Cache sync 58 at Fri May  1 02:49:26 UTC 2026
Cache sync 59 at Fri May  1 02:49:26 UTC 2026
Cache sync 60 at Fri May  1 02:49:26 UTC 2026
Cache sync 61 at Fri May  1 02:49:26 UTC 2026
Cache sync 62 at Fri May  1 02:49:26 UTC 2026
Cache sync 63 at Fri May  1 02:49:26 UTC 2026
Cache sync 64 at Fri May  1 02:49:26 UTC 2026
Cache sync 65 at Fri May  1 02:49:26 UTC 2026
Cache sync 66 at Fri May  1 02:49:26 UTC 2026
Cache sync 67 at Fri May  1 02:49:26 UTC 2026
Cache sync 68 at Fri May  1 02:49:26 UTC 2026
Cache sync 69 at Fri May  1 02:49:26 UTC 2026
Cache sync 70 at Fri May  1 02:49:26 UTC 2026
Cache sync 1 at Fri May  1 06:14:50 UTC 2026
Cache sync 2 at Fri May  1 06:14:50 UTC 2026
Cache sync 3 at Fri May  1 06:14:50 UTC 2026
Cache sync 4 at Fri May  1 06:14:50 UTC 2026
Cache sync 5 at Fri May  1 06:14:50 UTC 2026
Cache sync 6 at Fri May  1 06:14:50 UTC 2026
Cache sync 7 at Fri May  1 06:14:50 UTC 2026
Cache sync 8 at Fri May  1 06:14:50 UTC 2026
Cache sync 9 at Fri May  1 06:14:50 UTC 2026
Cache sync 10 at Fri May  1 06:14:50 UTC 2026
Cache sync 11 at Fri May  1 06:14:50 UTC 2026
Cache sync 12 at Fri May  1 06:14:50 UTC 2026
Cache sync 13 at Fri May  1 06:14:50 UTC 2026
Cache sync 14 at Fri May  1 06:14:50 UTC 2026
Cache sync 15 at Fri May  1 06:14:50 UTC 2026
Cache sync 16 at Fri May  1 06:14:50 UTC 2026
Cache sync 17 at Fri May  1 06:14:50 UTC 2026
Cache sync 18 at Fri May  1 06:14:50 UTC 2026
Cache sync 19 at Fri May  1 06:14:50 UTC 2026
Cache sync 20 at Fri May  1 06:14:51 UTC 2026
Cache sync 21 at Fri May  1 06:14:51 UTC 2026
Cache sync 22 at Fri May  1 06:14:51 UTC 2026
Cache sync 23 at Fri May  1 06:14:51 UTC 2026
Cache sync 24 at Fri May  1 06:14:51 UTC 2026
Cache sync 25 at Fri May  1 06:14:51 UTC 2026
Cache sync 26 at Fri May  1 06:14:51 UTC 2026
Cache sync 27 at Fri May  1 06:14:51 UTC 2026
Cache sync 28 at Fri May  1 06:14:51 UTC 2026
Cache sync 29 at Fri May  1 06:14:51 UTC 2026
Cache sync 30 at Fri May  1 06:14:51 UTC 2026
Cache sync 31 at Fri May  1 06:14:51 UTC 2026
Cache sync 32 at Fri May  1 06:14:51 UTC 2026
Cache sync 33 at Fri May  1 06:14:51 UTC 2026
Cache sync 34 at Fri May  1 06:14:51 UTC 2026
Cache sync 35 at Fri May  1 06:14:51 UTC 2026
Cache sync 36 at Fri May  1 06:14:51 UTC 2026
Cache sync 37 at Fri May  1 06:14:51 UTC 2026
Cache sync 38 at Fri May  1 06:14:51 UTC 2026
Cache sync 39 at Fri May  1 06:14:51 UTC 2026
Cache sync 40 at Fri May  1 06:14:51 UTC 2026
Cache sync 41 at Fri May  1 06:14:51 UTC 2026
Cache sync 42 at Fri May  1 06:14:51 UTC 2026
Cache sync 43 at Fri May  1 06:14:51 UTC 2026
Cache sync 44 at Fri May  1 06:14:51 UTC 2026
Cache sync 1 at Fri May  1 10:21:12 UTC 2026
Cache sync 1 at Fri May  1 15:55:38 UTC 2026
Cache sync 2 at Fri May  1 15:55:38 UTC 2026
Cache sync 3 at Fri May  1 15:55:38 UTC 2026
Cache sync 4 at Fri May  1 15:55:38 UTC 2026
Cache sync 5 at Fri May  1 15:55:38 UTC 2026
Cache sync 6 at Fri May  1 15:55:38 UTC 2026
Cache sync 7 at Fri May  1 15:55:38 UTC 2026
Cache sync 8 at Fri May  1 15:55:38 UTC 2026
Cache sync 9 at Fri May  1 15:55:38 UTC 2026
Cache sync 10 at Fri May  1 15:55:38 UTC 2026
Cache sync 11 at Fri May  1 15:55:38 UTC 2026
Cache sync 12 at Fri May  1 15:55:38 UTC 2026
Cache sync 13 at Fri May  1 15:55:38 UTC 2026
Cache sync 14 at Fri May  1 15:55:38 UTC 2026
Cache sync 15 at Fri May  1 15:55:38 UTC 2026
Cache sync 16 at Fri May  1 15:55:38 UTC 2026
Cache sync 1 at Fri May  1 19:08:23 UTC 2026
Cache sync 2 at Fri May  1 19:08:23 UTC 2026
Cache sync 3 at Fri May  1 19:08:23 UTC 2026
Cache sync 4 at Fri May  1 19:08:23 UTC 2026
Cache sync 5 at Fri May  1 19:08:23 UTC 2026
Cache sync 6 at Fri May  1 19:08:23 UTC 2026
Cache sync 7 at Fri May  1 19:08:23 UTC 2026
Cache sync 8 at Fri May  1 19:08:23 UTC 2026
Cache sync 9 at Fri May  1 19:08:23 UTC 2026
Cache sync 10 at Fri May  1 19:08:23 UTC 2026
Cache sync 11 at Fri May  1 19:08:23 UTC 2026
Cache sync 12 at Fri May  1 19:08:23 UTC 2026
Cache sync 13 at Fri May  1 19:08:23 UTC 2026
Cache sync 14 at Fri May  1 19:08:23 UTC 2026
Cache sync 15 at Fri May  1 19:08:23 UTC 2026
Cache sync 16 at Fri May  1 19:08:23 UTC 2026
Cache sync 17 at Fri May  1 19:08:23 UTC 2026
Cache sync 18 at Fri May  1 19:08:23 UTC 2026
Cache sync 19 at Fri May  1 19:08:23 UTC 2026
Cache sync 20 at Fri May  1 19:08:23 UTC 2026
Cache sync 21 at Fri May  1 19:08:23 UTC 2026
Cache sync 22 at Fri May  1 19:08:23 UTC 2026
Cache sync 23 at Fri May  1 19:08:23 UTC 2026
Cache sync 24 at Fri May  1 19:08:23 UTC 2026
Cache sync 25 at Fri May  1 19:08:23 UTC 2026
Cache sync 26 at Fri May  1 19:08:23 UTC 2026
Cache sync 27 at Fri May  1 19:08:23 UTC 2026
Cache sync 28 at Fri May  1 19:08:23 UTC 2026
Cache sync 29 at Fri May  1 19:08:23 UTC 2026
Cache sync 30 at Fri May  1 19:08:23 UTC 2026
Cache sync 31 at Fri May  1 19:08:23 UTC 2026
Cache sync 32 at Fri May  1 19:08:23 UTC 2026
Cache sync 33 at Fri May  1 19:08:23 UTC 2026
Cache sync 34 at Fri May  1 19:08:23 UTC 2026
Cache sync 35 at Fri May  1 19:08:24 UTC 2026
Cache sync 36 at Fri May  1 19:08:24 UTC 2026
Cache sync 37 at Fri May  1 19:08:24 UTC 2026
Cache sync 38 at Fri May  1 19:08:24 UTC 2026
Cache sync 39 at Fri May  1 19:08:24 UTC 2026
Cache sync 40 at Fri May  1 19:08:24 UTC 2026
Cache sync 41 at Fri May  1 19:08:24 UTC 2026
Cache sync 42 at Fri May  1 19:08:24 UTC 2026
Cache sync 43 at Fri May  1 19:08:24 UTC 2026
Cache sync 44 at Fri May  1 19:08:24 UTC 2026
Cache sync 45 at Fri May  1 19:08:24 UTC 2026
Cache sync 46 at Fri May  1 19:08:24 UTC 2026
Cache sync 47 at Fri May  1 19:08:24 UTC 2026
Cache sync 48 at Fri May  1 19:08:24 UTC 2026
Cache sync 49 at Fri May  1 19:08:24 UTC 2026
Cache sync 50 at Fri May  1 19:08:24 UTC 2026
Cache sync 51 at Fri May  1 19:08:24 UTC 2026
Cache sync 52 at Fri May  1 19:08:24 UTC 2026
Cache sync 53 at Fri May  1 19:08:24 UTC 2026
Cache sync 54 at Fri May  1 19:08:24 UTC 2026
Cache sync 55 at Fri May  1 19:08:24 UTC 2026
Cache sync 56 at Fri May  1 19:08:24 UTC 2026
Cache sync 57 at Fri May  1 19:08:24 UTC 2026
Cache sync 58 at Fri May  1 19:08:24 UTC 2026
Cache sync 59 at Fri May  1 19:08:24 UTC 2026
Cache sync 60 at Fri May  1 19:08:24 UTC 2026
Cache sync 61 at Fri May  1 19:08:24 UTC 2026
Cache sync 62 at Fri May  1 19:08:24 UTC 2026
Cache sync 63 at Fri May  1 19:08:24 UTC 2026
Cache sync 64 at Fri May  1 19:08:24 UTC 2026
Cache sync 65 at Fri May  1 19:08:24 UTC 2026
Cache sync 66 at Fri May  1 19:08:24 UTC 2026
Cache sync 67 at Fri May  1 19:08:24 UTC 2026
Cache sync 68 at Fri May  1 19:08:24 UTC 2026
Cache sync 1 at Fri May  1 21:51:36 UTC 2026
Cache sync 2 at Fri May  1 21:51:36 UTC 2026
Cache sync 3 at Fri May  1 21:51:36 UTC 2026
Cache sync 4 at Fri May  1 21:51:36 UTC 2026
Cache sync 5 at Fri May  1 21:51:36 UTC 2026
Cache sync 6 at Fri May  1 21:51:36 UTC 2026
Cache sync 7 at Fri May  1 21:51:36 UTC 2026
Cache sync 8 at Fri May  1 21:51:36 UTC 2026
Cache sync 9 at Fri May  1 21:51:36 UTC 2026
Cache sync 10 at Fri May  1 21:51:36 UTC 2026
Cache sync 11 at Fri May  1 21:51:36 UTC 2026
Cache sync 12 at Fri May  1 21:51:36 UTC 2026
Cache sync 13 at Fri May  1 21:51:36 UTC 2026
Cache sync 1 at Sat May  2 02:31:37 UTC 2026
Cache sync 2 at Sat May  2 02:31:37 UTC 2026
Cache sync 3 at Sat May  2 02:31:37 UTC 2026
Cache sync 4 at Sat May  2 02:31:37 UTC 2026
Cache sync 5 at Sat May  2 02:31:37 UTC 2026
Cache sync 6 at Sat May  2 02:31:37 UTC 2026
Cache sync 7 at Sat May  2 02:31:37 UTC 2026
Cache sync 8 at Sat May  2 02:31:37 UTC 2026
Cache sync 9 at Sat May  2 02:31:37 UTC 2026
Cache sync 10 at Sat May  2 02:31:37 UTC 2026
Cache sync 11 at Sat May  2 02:31:37 UTC 2026
Cache sync 12 at Sat May  2 02:31:37 UTC 2026
Cache sync 13 at Sat May  2 02:31:37 UTC 2026
Cache sync 14 at Sat May  2 02:31:37 UTC 2026
Cache sync 15 at Sat May  2 02:31:37 UTC 2026
Cache sync 16 at Sat May  2 02:31:37 UTC 2026
Cache sync 17 at Sat May  2 02:31:37 UTC 2026
Cache sync 18 at Sat May  2 02:31:37 UTC 2026
Cache sync 19 at Sat May  2 02:31:37 UTC 2026
Cache sync 20 at Sat May  2 02:31:37 UTC 2026
Cache sync 21 at Sat May  2 02:31:37 UTC 2026
Cache sync 22 at Sat May  2 02:31:37 UTC 2026
Cache sync 23 at Sat May  2 02:31:37 UTC 2026
Cache sync 24 at Sat May  2 02:31:37 UTC 2026
Cache sync 25 at Sat May  2 02:31:37 UTC 2026
Cache sync 26 at Sat May  2 02:31:37 UTC 2026
Cache sync 27 at Sat May  2 02:31:37 UTC 2026
Cache sync 28 at Sat May  2 02:31:37 UTC 2026
Cache sync 29 at Sat May  2 02:31:37 UTC 2026
Cache sync 30 at Sat May  2 02:31:37 UTC 2026
Cache sync 31 at Sat May  2 02:31:37 UTC 2026
Cache sync 32 at Sat May  2 02:31:37 UTC 2026
Cache sync 33 at Sat May  2 02:31:37 UTC 2026
Cache sync 34 at Sat May  2 02:31:38 UTC 2026
Cache sync 35 at Sat May  2 02:31:38 UTC 2026
Cache sync 36 at Sat May  2 02:31:38 UTC 2026
Cache sync 37 at Sat May  2 02:31:38 UTC 2026
Cache sync 38 at Sat May  2 02:31:38 UTC 2026
Cache sync 39 at Sat May  2 02:31:38 UTC 2026
Cache sync 40 at Sat May  2 02:31:38 UTC 2026
Cache sync 41 at Sat May  2 02:31:38 UTC 2026
Cache sync 42 at Sat May  2 02:31:38 UTC 2026
Cache sync 43 at Sat May  2 02:31:38 UTC 2026
Cache sync 44 at Sat May  2 02:31:38 UTC 2026
Cache sync 45 at Sat May  2 02:31:38 UTC 2026
Cache sync 46 at Sat May  2 02:31:38 UTC 2026
Cache sync 47 at Sat May  2 02:31:38 UTC 2026
Cache sync 48 at Sat May  2 02:31:38 UTC 2026
Cache sync 49 at Sat May  2 02:31:38 UTC 2026
Cache sync 50 at Sat May  2 02:31:38 UTC 2026
Cache sync 51 at Sat May  2 02:31:38 UTC 2026
Cache sync 52 at Sat May  2 02:31:38 UTC 2026
Cache sync 53 at Sat May  2 02:31:38 UTC 2026
Cache sync 54 at Sat May  2 02:31:38 UTC 2026
Cache sync 55 at Sat May  2 02:31:38 UTC 2026
Cache sync 56 at Sat May  2 02:31:38 UTC 2026
Cache sync 57 at Sat May  2 02:31:38 UTC 2026
Cache sync 58 at Sat May  2 02:31:38 UTC 2026
Cache sync 59 at Sat May  2 02:31:38 UTC 2026
Cache sync 60 at Sat May  2 02:31:38 UTC 2026
Cache sync 61 at Sat May  2 02:31:38 UTC 2026
Cache sync 62 at Sat May  2 02:31:38 UTC 2026
Cache sync 63 at Sat May  2 02:31:38 UTC 2026
Cache sync 64 at Sat May  2 02:31:38 UTC 2026
Cache sync 65 at Sat May  2 02:31:38 UTC 2026
Cache sync 66 at Sat May  2 02:31:38 UTC 2026
Cache sync 67 at Sat May  2 02:31:38 UTC 2026
Cache sync 68 at Sat May  2 02:31:38 UTC 2026
Cache sync 69 at Sat May  2 02:31:38 UTC 2026
Cache sync 70 at Sat May  2 02:31:38 UTC 2026
Cache sync 71 at Sat May  2 02:31:38 UTC 2026
Cache sync 72 at Sat May  2 02:31:38 UTC 2026
Cache sync 73 at Sat May  2 02:31:38 UTC 2026
Cache sync 74 at Sat May  2 02:31:38 UTC 2026
Cache sync 75 at Sat May  2 02:31:38 UTC 2026
Cache sync 76 at Sat May  2 02:31:38 UTC 2026
Cache sync 77 at Sat May  2 02:31:38 UTC 2026
Cache sync 78 at Sat May  2 02:31:38 UTC 2026
Cache sync 79 at Sat May  2 02:31:38 UTC 2026
Cache sync 80 at Sat May  2 02:31:38 UTC 2026
Cache sync 81 at Sat May  2 02:31:38 UTC 2026
Cache sync 1 at Sat May  2 05:34:39 UTC 2026
Cache sync 2 at Sat May  2 05:34:39 UTC 2026
Cache sync 3 at Sat May  2 05:34:39 UTC 2026
Cache sync 4 at Sat May  2 05:34:39 UTC 2026
Cache sync 5 at Sat May  2 05:34:39 UTC 2026
Cache sync 6 at Sat May  2 05:34:39 UTC 2026
Cache sync 7 at Sat May  2 05:34:39 UTC 2026
Cache sync 8 at Sat May  2 05:34:39 UTC 2026
Cache sync 9 at Sat May  2 05:34:39 UTC 2026
Cache sync 10 at Sat May  2 05:34:39 UTC 2026
Cache sync 1 at Sat May  2 07:40:56 UTC 2026
Cache sync 2 at Sat May  2 07:40:56 UTC 2026
Cache sync 3 at Sat May  2 07:40:56 UTC 2026
Cache sync 4 at Sat May  2 07:40:56 UTC 2026
Cache sync 5 at Sat May  2 07:40:56 UTC 2026
Cache sync 6 at Sat May  2 07:40:56 UTC 2026
Cache sync 7 at Sat May  2 07:40:56 UTC 2026
Cache sync 8 at Sat May  2 07:40:56 UTC 2026
Cache sync 9 at Sat May  2 07:40:56 UTC 2026
Cache sync 10 at Sat May  2 07:40:56 UTC 2026
Cache sync 11 at Sat May  2 07:40:56 UTC 2026
Cache sync 12 at Sat May  2 07:40:56 UTC 2026
Cache sync 13 at Sat May  2 07:40:56 UTC 2026
Cache sync 14 at Sat May  2 07:40:56 UTC 2026
Cache sync 15 at Sat May  2 07:40:56 UTC 2026
Cache sync 16 at Sat May  2 07:40:56 UTC 2026
Cache sync 17 at Sat May  2 07:40:56 UTC 2026
Cache sync 18 at Sat May  2 07:40:56 UTC 2026
Cache sync 19 at Sat May  2 07:40:56 UTC 2026
Cache sync 20 at Sat May  2 07:40:56 UTC 2026
Cache sync 21 at Sat May  2 07:40:56 UTC 2026
Cache sync 22 at Sat May  2 07:40:56 UTC 2026
Cache sync 23 at Sat May  2 07:40:56 UTC 2026
Cache sync 24 at Sat May  2 07:40:56 UTC 2026
Cache sync 25 at Sat May  2 07:40:56 UTC 2026
Cache sync 1 at Sat May  2 09:57:04 UTC 2026
Cache sync 2 at Sat May  2 09:57:04 UTC 2026
Cache sync 3 at Sat May  2 09:57:04 UTC 2026
Cache sync 4 at Sat May  2 09:57:04 UTC 2026
Cache sync 5 at Sat May  2 09:57:04 UTC 2026
Cache sync 6 at Sat May  2 09:57:04 UTC 2026
Cache sync 7 at Sat May  2 09:57:04 UTC 2026
Cache sync 8 at Sat May  2 09:57:04 UTC 2026
Cache sync 9 at Sat May  2 09:57:04 UTC 2026
Cache sync 10 at Sat May  2 09:57:04 UTC 2026
Cache sync 11 at Sat May  2 09:57:04 UTC 2026
Cache sync 12 at Sat May  2 09:57:04 UTC 2026
Cache sync 13 at Sat May  2 09:57:04 UTC 2026
Cache sync 14 at Sat May  2 09:57:04 UTC 2026
Cache sync 15 at Sat May  2 09:57:04 UTC 2026
Cache sync 16 at Sat May  2 09:57:04 UTC 2026
Cache sync 17 at Sat May  2 09:57:04 UTC 2026
Cache sync 18 at Sat May  2 09:57:04 UTC 2026
Cache sync 19 at Sat May  2 09:57:04 UTC 2026
Cache sync 20 at Sat May  2 09:57:04 UTC 2026
Cache sync 21 at Sat May  2 09:57:04 UTC 2026
Cache sync 22 at Sat May  2 09:57:04 UTC 2026
Cache sync 23 at Sat May  2 09:57:04 UTC 2026
Cache sync 24 at Sat May  2 09:57:04 UTC 2026
Cache sync 25 at Sat May  2 09:57:04 UTC 2026
Cache sync 26 at Sat May  2 09:57:04 UTC 2026
Cache sync 27 at Sat May  2 09:57:04 UTC 2026
Cache sync 28 at Sat May  2 09:57:04 UTC 2026
Cache sync 29 at Sat May  2 09:57:04 UTC 2026
Cache sync 30 at Sat May  2 09:57:04 UTC 2026
Cache sync 31 at Sat May  2 09:57:04 UTC 2026
Cache sync 32 at Sat May  2 09:57:04 UTC 2026
Cache sync 33 at Sat May  2 09:57:04 UTC 2026
Cache sync 34 at Sat May  2 09:57:04 UTC 2026
Cache sync 35 at Sat May  2 09:57:04 UTC 2026
Cache sync 36 at Sat May  2 09:57:04 UTC 2026
Cache sync 37 at Sat May  2 09:57:04 UTC 2026
Cache sync 38 at Sat May  2 09:57:04 UTC 2026
Cache sync 39 at Sat May  2 09:57:04 UTC 2026
Cache sync 40 at Sat May  2 09:57:04 UTC 2026
Cache sync 41 at Sat May  2 09:57:04 UTC 2026
Cache sync 42 at Sat May  2 09:57:04 UTC 2026
Cache sync 43 at Sat May  2 09:57:04 UTC 2026
Cache sync 44 at Sat May  2 09:57:04 UTC 2026
Cache sync 45 at Sat May  2 09:57:04 UTC 2026
Cache sync 1 at Sat May  2 13:05:38 UTC 2026
Cache sync 2 at Sat May  2 13:05:38 UTC 2026
Cache sync 3 at Sat May  2 13:05:38 UTC 2026
Cache sync 4 at Sat May  2 13:05:38 UTC 2026
Cache sync 5 at Sat May  2 13:05:38 UTC 2026
Cache sync 6 at Sat May  2 13:05:38 UTC 2026
Cache sync 7 at Sat May  2 13:05:38 UTC 2026
Cache sync 8 at Sat May  2 13:05:38 UTC 2026
Cache sync 9 at Sat May  2 13:05:38 UTC 2026
Cache sync 10 at Sat May  2 13:05:38 UTC 2026
Cache sync 11 at Sat May  2 13:05:38 UTC 2026
Cache sync 12 at Sat May  2 13:05:38 UTC 2026
Cache sync 13 at Sat May  2 13:05:38 UTC 2026
Cache sync 14 at Sat May  2 13:05:38 UTC 2026
Cache sync 15 at Sat May  2 13:05:38 UTC 2026
Cache sync 16 at Sat May  2 13:05:38 UTC 2026
Cache sync 17 at Sat May  2 13:05:38 UTC 2026
Cache sync 18 at Sat May  2 13:05:38 UTC 2026
Cache sync 19 at Sat May  2 13:05:39 UTC 2026
Cache sync 20 at Sat May  2 13:05:39 UTC 2026
Cache sync 21 at Sat May  2 13:05:39 UTC 2026
Cache sync 22 at Sat May  2 13:05:39 UTC 2026
Cache sync 23 at Sat May  2 13:05:39 UTC 2026
Cache sync 24 at Sat May  2 13:05:39 UTC 2026
Cache sync 25 at Sat May  2 13:05:39 UTC 2026
Cache sync 26 at Sat May  2 13:05:39 UTC 2026
Cache sync 27 at Sat May  2 13:05:39 UTC 2026
Cache sync 28 at Sat May  2 13:05:39 UTC 2026
Cache sync 29 at Sat May  2 13:05:39 UTC 2026
Cache sync 30 at Sat May  2 13:05:39 UTC 2026
Cache sync 31 at Sat May  2 13:05:39 UTC 2026
Cache sync 32 at Sat May  2 13:05:39 UTC 2026
Cache sync 33 at Sat May  2 13:05:39 UTC 2026
Cache sync 34 at Sat May  2 13:05:39 UTC 2026
Cache sync 35 at Sat May  2 13:05:39 UTC 2026
Cache sync 36 at Sat May  2 13:05:39 UTC 2026
Cache sync 37 at Sat May  2 13:05:39 UTC 2026
Cache sync 38 at Sat May  2 13:05:39 UTC 2026
Cache sync 39 at Sat May  2 13:05:39 UTC 2026
Cache sync 40 at Sat May  2 13:05:39 UTC 2026
Cache sync 41 at Sat May  2 13:05:39 UTC 2026
Cache sync 42 at Sat May  2 13:05:39 UTC 2026
Cache sync 43 at Sat May  2 13:05:39 UTC 2026
Cache sync 44 at Sat May  2 13:05:39 UTC 2026
Cache sync 45 at Sat May  2 13:05:39 UTC 2026
Cache sync 46 at Sat May  2 13:05:39 UTC 2026
Cache sync 47 at Sat May  2 13:05:39 UTC 2026
Cache sync 48 at Sat May  2 13:05:39 UTC 2026
Cache sync 49 at Sat May  2 13:05:39 UTC 2026
Cache sync 50 at Sat May  2 13:05:39 UTC 2026
Cache sync 51 at Sat May  2 13:05:39 UTC 2026
Cache sync 52 at Sat May  2 13:05:39 UTC 2026
Cache sync 53 at Sat May  2 13:05:39 UTC 2026
Cache sync 54 at Sat May  2 13:05:39 UTC 2026
Cache sync 55 at Sat May  2 13:05:39 UTC 2026
Cache sync 56 at Sat May  2 13:05:39 UTC 2026
Cache sync 57 at Sat May  2 13:05:39 UTC 2026
Cache sync 58 at Sat May  2 13:05:39 UTC 2026
Cache sync 59 at Sat May  2 13:05:39 UTC 2026
Cache sync 60 at Sat May  2 13:05:39 UTC 2026
Cache sync 61 at Sat May  2 13:05:39 UTC 2026
Cache sync 62 at Sat May  2 13:05:39 UTC 2026
Cache sync 63 at Sat May  2 13:05:39 UTC 2026
Cache sync 64 at Sat May  2 13:05:39 UTC 2026
Cache sync 65 at Sat May  2 13:05:39 UTC 2026
Cache sync 66 at Sat May  2 13:05:39 UTC 2026
Cache sync 67 at Sat May  2 13:05:39 UTC 2026
Cache sync 68 at Sat May  2 13:05:39 UTC 2026
Cache sync 69 at Sat May  2 13:05:39 UTC 2026
Cache sync 70 at Sat May  2 13:05:39 UTC 2026
Cache sync 71 at Sat May  2 13:05:39 UTC 2026
Cache sync 72 at Sat May  2 13:05:39 UTC 2026
Cache sync 73 at Sat May  2 13:05:39 UTC 2026
Cache sync 74 at Sat May  2 13:05:39 UTC 2026
Cache sync 75 at Sat May  2 13:05:39 UTC 2026
Cache sync 76 at Sat May  2 13:05:39 UTC 2026
Cache sync 1 at Sat May  2 15:42:48 UTC 2026
Cache sync 2 at Sat May  2 15:42:48 UTC 2026
Cache sync 3 at Sat May  2 15:42:48 UTC 2026
Cache sync 4 at Sat May  2 15:42:48 UTC 2026
Cache sync 5 at Sat May  2 15:42:49 UTC 2026
Cache sync 6 at Sat May  2 15:42:49 UTC 2026
Cache sync 7 at Sat May  2 15:42:49 UTC 2026
Cache sync 8 at Sat May  2 15:42:49 UTC 2026
Cache sync 9 at Sat May  2 15:42:49 UTC 2026
Cache sync 10 at Sat May  2 15:42:49 UTC 2026
Cache sync 11 at Sat May  2 15:42:49 UTC 2026
Cache sync 12 at Sat May  2 15:42:49 UTC 2026
Cache sync 1 at Sat May  2 18:56:06 UTC 2026
Cache sync 2 at Sat May  2 18:56:06 UTC 2026
Cache sync 3 at Sat May  2 18:56:06 UTC 2026
Cache sync 4 at Sat May  2 18:56:06 UTC 2026
Cache sync 5 at Sat May  2 18:56:06 UTC 2026
Cache sync 6 at Sat May  2 18:56:06 UTC 2026
Cache sync 7 at Sat May  2 18:56:06 UTC 2026
Cache sync 8 at Sat May  2 18:56:06 UTC 2026
Cache sync 9 at Sat May  2 18:56:06 UTC 2026
Cache sync 10 at Sat May  2 18:56:06 UTC 2026
Cache sync 11 at Sat May  2 18:56:06 UTC 2026
Cache sync 12 at Sat May  2 18:56:06 UTC 2026
Cache sync 13 at Sat May  2 18:56:06 UTC 2026
Cache sync 14 at Sat May  2 18:56:07 UTC 2026
Cache sync 15 at Sat May  2 18:56:07 UTC 2026
Cache sync 16 at Sat May  2 18:56:07 UTC 2026
Cache sync 17 at Sat May  2 18:56:07 UTC 2026
Cache sync 18 at Sat May  2 18:56:07 UTC 2026
Cache sync 19 at Sat May  2 18:56:07 UTC 2026
Cache sync 20 at Sat May  2 18:56:07 UTC 2026
Cache sync 21 at Sat May  2 18:56:07 UTC 2026
Cache sync 22 at Sat May  2 18:56:07 UTC 2026
Cache sync 23 at Sat May  2 18:56:07 UTC 2026
Cache sync 24 at Sat May  2 18:56:07 UTC 2026
Cache sync 25 at Sat May  2 18:56:07 UTC 2026
Cache sync 26 at Sat May  2 18:56:07 UTC 2026
Cache sync 27 at Sat May  2 18:56:07 UTC 2026
Cache sync 28 at Sat May  2 18:56:07 UTC 2026
Cache sync 29 at Sat May  2 18:56:07 UTC 2026
Cache sync 30 at Sat May  2 18:56:07 UTC 2026
Cache sync 31 at Sat May  2 18:56:07 UTC 2026
Cache sync 32 at Sat May  2 18:56:07 UTC 2026
Cache sync 33 at Sat May  2 18:56:07 UTC 2026
Cache sync 34 at Sat May  2 18:56:07 UTC 2026
Cache sync 35 at Sat May  2 18:56:07 UTC 2026
Cache sync 36 at Sat May  2 18:56:07 UTC 2026
Cache sync 37 at Sat May  2 18:56:07 UTC 2026
Cache sync 38 at Sat May  2 18:56:07 UTC 2026
Cache sync 39 at Sat May  2 18:56:07 UTC 2026
Cache sync 1 at Sun May  3 05:56:56 UTC 2026
Cache sync 2 at Sun May  3 05:56:56 UTC 2026
Cache sync 3 at Sun May  3 05:56:56 UTC 2026
Cache sync 4 at Sun May  3 05:56:56 UTC 2026
Cache sync 5 at Sun May  3 05:56:56 UTC 2026
Cache sync 6 at Sun May  3 05:56:56 UTC 2026
Cache sync 7 at Sun May  3 05:56:56 UTC 2026
Cache sync 8 at Sun May  3 05:56:56 UTC 2026
Cache sync 9 at Sun May  3 05:56:56 UTC 2026
Cache sync 10 at Sun May  3 05:56:56 UTC 2026
Cache sync 11 at Sun May  3 05:56:56 UTC 2026
Cache sync 12 at Sun May  3 05:56:56 UTC 2026
Cache sync 13 at Sun May  3 05:56:56 UTC 2026
Cache sync 14 at Sun May  3 05:56:56 UTC 2026
Cache sync 15 at Sun May  3 05:56:56 UTC 2026
Cache sync 16 at Sun May  3 05:56:56 UTC 2026
Cache sync 17 at Sun May  3 05:56:56 UTC 2026
Cache sync 18 at Sun May  3 05:56:56 UTC 2026
Cache sync 19 at Sun May  3 05:56:56 UTC 2026
Cache sync 20 at Sun May  3 05:56:56 UTC 2026
Cache sync 21 at Sun May  3 05:56:56 UTC 2026
Cache sync 22 at Sun May  3 05:56:56 UTC 2026
Cache sync 23 at Sun May  3 05:56:56 UTC 2026
Cache sync 24 at Sun May  3 05:56:56 UTC 2026
Cache sync 25 at Sun May  3 05:56:56 UTC 2026
Cache sync 26 at Sun May  3 05:56:56 UTC 2026
Cache sync 27 at Sun May  3 05:56:56 UTC 2026
Cache sync 28 at Sun May  3 05:56:56 UTC 2026
Cache sync 29 at Sun May  3 05:56:56 UTC 2026
Cache sync 30 at Sun May  3 05:56:56 UTC 2026
Cache sync 31 at Sun May  3 05:56:56 UTC 2026
Cache sync 32 at Sun May  3 05:56:57 UTC 2026
Cache sync 33 at Sun May  3 05:56:57 UTC 2026
Cache sync 34 at Sun May  3 05:56:57 UTC 2026
Cache sync 35 at Sun May  3 05:56:57 UTC 2026
Cache sync 36 at Sun May  3 05:56:57 UTC 2026
Cache sync 37 at Sun May  3 05:56:57 UTC 2026
Cache sync 38 at Sun May  3 05:56:57 UTC 2026
Cache sync 39 at Sun May  3 05:56:57 UTC 2026
Cache sync 40 at Sun May  3 05:56:57 UTC 2026
Cache sync 41 at Sun May  3 05:56:57 UTC 2026
Cache sync 42 at Sun May  3 05:56:57 UTC 2026
Cache sync 43 at Sun May  3 05:56:57 UTC 2026
Cache sync 44 at Sun May  3 05:56:57 UTC 2026
Cache sync 45 at Sun May  3 05:56:57 UTC 2026
Cache sync 46 at Sun May  3 05:56:57 UTC 2026
Cache sync 47 at Sun May  3 05:56:57 UTC 2026
Cache sync 48 at Sun May  3 05:56:57 UTC 2026
Cache sync 49 at Sun May  3 05:56:57 UTC 2026
Cache sync 50 at Sun May  3 05:56:57 UTC 2026
Cache sync 51 at Sun May  3 05:56:57 UTC 2026
Cache sync 52 at Sun May  3 05:56:57 UTC 2026
Cache sync 53 at Sun May  3 05:56:57 UTC 2026
Cache sync 54 at Sun May  3 05:56:57 UTC 2026
Cache sync 55 at Sun May  3 05:56:57 UTC 2026
Cache sync 56 at Sun May  3 05:56:57 UTC 2026
Cache sync 57 at Sun May  3 05:56:57 UTC 2026
Cache sync 58 at Sun May  3 05:56:57 UTC 2026
Cache sync 59 at Sun May  3 05:56:57 UTC 2026
Cache sync 60 at Sun May  3 05:56:57 UTC 2026
Cache sync 61 at Sun May  3 05:56:57 UTC 2026
Cache sync 62 at Sun May  3 05:56:57 UTC 2026
Cache sync 63 at Sun May  3 05:56:57 UTC 2026
Cache sync 64 at Sun May  3 05:56:57 UTC 2026
Cache sync 65 at Sun May  3 05:56:57 UTC 2026
Cache sync 66 at Sun May  3 05:56:57 UTC 2026
Cache sync 67 at Sun May  3 05:56:57 UTC 2026
Cache sync 68 at Sun May  3 05:56:57 UTC 2026
Cache sync 1 at Sun May  3 08:03:58 UTC 2026
Cache sync 2 at Sun May  3 08:03:58 UTC 2026
Cache sync 3 at Sun May  3 08:03:58 UTC 2026
Cache sync 4 at Sun May  3 08:03:58 UTC 2026
Cache sync 5 at Sun May  3 08:03:58 UTC 2026
Cache sync 6 at Sun May  3 08:03:58 UTC 2026
Cache sync 7 at Sun May  3 08:03:58 UTC 2026
Cache sync 8 at Sun May  3 08:03:58 UTC 2026
Cache sync 9 at Sun May  3 08:03:58 UTC 2026
Cache sync 10 at Sun May  3 08:03:58 UTC 2026
Cache sync 11 at Sun May  3 08:03:58 UTC 2026
Cache sync 12 at Sun May  3 08:03:58 UTC 2026
Cache sync 13 at Sun May  3 08:03:58 UTC 2026
Cache sync 14 at Sun May  3 08:03:58 UTC 2026
Cache sync 15 at Sun May  3 08:03:58 UTC 2026
Cache sync 16 at Sun May  3 08:03:58 UTC 2026
Cache sync 1 at Sun May  3 10:01:58 UTC 2026
Cache sync 2 at Sun May  3 10:01:58 UTC 2026
Cache sync 3 at Sun May  3 10:01:58 UTC 2026
Cache sync 4 at Sun May  3 10:01:58 UTC 2026
Cache sync 5 at Sun May  3 10:01:58 UTC 2026
Cache sync 6 at Sun May  3 10:01:58 UTC 2026
Cache sync 7 at Sun May  3 10:01:58 UTC 2026
Cache sync 8 at Sun May  3 10:01:58 UTC 2026
Cache sync 9 at Sun May  3 10:01:58 UTC 2026
Cache sync 10 at Sun May  3 10:01:58 UTC 2026
Cache sync 11 at Sun May  3 10:01:58 UTC 2026
Cache sync 12 at Sun May  3 10:01:58 UTC 2026
Cache sync 13 at Sun May  3 10:01:58 UTC 2026
Cache sync 14 at Sun May  3 10:01:58 UTC 2026
Cache sync 15 at Sun May  3 10:01:58 UTC 2026
Cache sync 16 at Sun May  3 10:01:58 UTC 2026
Cache sync 17 at Sun May  3 10:01:58 UTC 2026
Cache sync 18 at Sun May  3 10:01:58 UTC 2026
Cache sync 19 at Sun May  3 10:01:58 UTC 2026
Cache sync 20 at Sun May  3 10:01:58 UTC 2026
Cache sync 21 at Sun May  3 10:01:58 UTC 2026
Cache sync 22 at Sun May  3 10:01:58 UTC 2026
Cache sync 23 at Sun May  3 10:01:58 UTC 2026
Cache sync 24 at Sun May  3 10:01:58 UTC 2026
Cache sync 25 at Sun May  3 10:01:58 UTC 2026
Cache sync 26 at Sun May  3 10:01:58 UTC 2026
Cache sync 1 at Sun May  3 13:04:44 UTC 2026
Cache sync 2 at Sun May  3 13:04:44 UTC 2026
Cache sync 3 at Sun May  3 13:04:44 UTC 2026
Cache sync 4 at Sun May  3 13:04:44 UTC 2026
Cache sync 5 at Sun May  3 13:04:44 UTC 2026
Cache sync 6 at Sun May  3 13:04:44 UTC 2026
Cache sync 7 at Sun May  3 13:04:44 UTC 2026
Cache sync 8 at Sun May  3 13:04:44 UTC 2026
Cache sync 9 at Sun May  3 13:04:44 UTC 2026
Cache sync 10 at Sun May  3 13:04:44 UTC 2026
Cache sync 11 at Sun May  3 13:04:44 UTC 2026
Cache sync 12 at Sun May  3 13:04:44 UTC 2026
Cache sync 13 at Sun May  3 13:04:44 UTC 2026
Cache sync 14 at Sun May  3 13:04:44 UTC 2026
Cache sync 15 at Sun May  3 13:04:44 UTC 2026
Cache sync 16 at Sun May  3 13:04:44 UTC 2026
Cache sync 17 at Sun May  3 13:04:44 UTC 2026
Cache sync 18 at Sun May  3 13:04:44 UTC 2026
Cache sync 19 at Sun May  3 13:04:44 UTC 2026
Cache sync 20 at Sun May  3 13:04:44 UTC 2026
Cache sync 21 at Sun May  3 13:04:44 UTC 2026
Cache sync 1 at Sun May  3 18:56:32 UTC 2026
Cache sync 2 at Sun May  3 18:56:32 UTC 2026
Cache sync 3 at Sun May  3 18:56:32 UTC 2026
Cache sync 4 at Sun May  3 18:56:32 UTC 2026
Cache sync 5 at Sun May  3 18:56:32 UTC 2026
Cache sync 6 at Sun May  3 18:56:32 UTC 2026
Cache sync 7 at Sun May  3 18:56:32 UTC 2026
Cache sync 8 at Sun May  3 18:56:32 UTC 2026
Cache sync 9 at Sun May  3 18:56:32 UTC 2026
Cache sync 10 at Sun May  3 18:56:32 UTC 2026
Cache sync 11 at Sun May  3 18:56:32 UTC 2026
Cache sync 12 at Sun May  3 18:56:32 UTC 2026
Cache sync 13 at Sun May  3 18:56:32 UTC 2026
Cache sync 1 at Sun May  3 21:38:54 UTC 2026
Cache sync 2 at Sun May  3 21:38:54 UTC 2026
Cache sync 3 at Sun May  3 21:38:54 UTC 2026
Cache sync 4 at Sun May  3 21:38:54 UTC 2026
Cache sync 5 at Sun May  3 21:38:54 UTC 2026
Cache sync 6 at Sun May  3 21:38:54 UTC 2026
Cache sync 7 at Sun May  3 21:38:54 UTC 2026
Cache sync 8 at Sun May  3 21:38:54 UTC 2026
Cache sync 9 at Sun May  3 21:38:54 UTC 2026
Cache sync 10 at Sun May  3 21:38:54 UTC 2026
Cache sync 11 at Sun May  3 21:38:54 UTC 2026
Cache sync 12 at Sun May  3 21:38:54 UTC 2026
Cache sync 13 at Sun May  3 21:38:54 UTC 2026
Cache sync 14 at Sun May  3 21:38:54 UTC 2026
Cache sync 15 at Sun May  3 21:38:54 UTC 2026
Cache sync 16 at Sun May  3 21:38:54 UTC 2026
Cache sync 17 at Sun May  3 21:38:54 UTC 2026
Cache sync 18 at Sun May  3 21:38:54 UTC 2026
Cache sync 19 at Sun May  3 21:38:54 UTC 2026
Cache sync 20 at Sun May  3 21:38:54 UTC 2026
Cache sync 21 at Sun May  3 21:38:54 UTC 2026
Cache sync 22 at Sun May  3 21:38:54 UTC 2026
Cache sync 23 at Sun May  3 21:38:54 UTC 2026
Cache sync 24 at Sun May  3 21:38:54 UTC 2026
Cache sync 25 at Sun May  3 21:38:54 UTC 2026
Cache sync 26 at Sun May  3 21:38:54 UTC 2026
Cache sync 27 at Sun May  3 21:38:54 UTC 2026
Cache sync 28 at Sun May  3 21:38:54 UTC 2026
Cache sync 29 at Sun May  3 21:38:54 UTC 2026
Cache sync 30 at Sun May  3 21:38:54 UTC 2026
Cache sync 31 at Sun May  3 21:38:54 UTC 2026
Cache sync 32 at Sun May  3 21:38:54 UTC 2026
Cache sync 33 at Sun May  3 21:38:54 UTC 2026
Cache sync 34 at Sun May  3 21:38:54 UTC 2026
Cache sync 35 at Sun May  3 21:38:54 UTC 2026
Cache sync 36 at Sun May  3 21:38:54 UTC 2026
Cache sync 37 at Sun May  3 21:38:54 UTC 2026
Cache sync 38 at Sun May  3 21:38:54 UTC 2026
Cache sync 39 at Sun May  3 21:38:54 UTC 2026
Cache sync 1 at Mon May  4 02:38:53 UTC 2026
Cache sync 2 at Mon May  4 02:38:53 UTC 2026
Cache sync 3 at Mon May  4 02:38:53 UTC 2026
Cache sync 4 at Mon May  4 02:38:53 UTC 2026
Cache sync 5 at Mon May  4 02:38:53 UTC 2026
Cache sync 6 at Mon May  4 02:38:53 UTC 2026
Cache sync 7 at Mon May  4 02:38:53 UTC 2026
Cache sync 8 at Mon May  4 02:38:53 UTC 2026
Cache sync 9 at Mon May  4 02:38:53 UTC 2026
Cache sync 10 at Mon May  4 02:38:53 UTC 2026
Cache sync 11 at Mon May  4 02:38:53 UTC 2026
Cache sync 12 at Mon May  4 02:38:53 UTC 2026
Cache sync 13 at Mon May  4 02:38:53 UTC 2026
Cache sync 14 at Mon May  4 02:38:53 UTC 2026
Cache sync 15 at Mon May  4 02:38:53 UTC 2026
Cache sync 16 at Mon May  4 02:38:53 UTC 2026
Cache sync 17 at Mon May  4 02:38:53 UTC 2026
Cache sync 18 at Mon May  4 02:38:53 UTC 2026
Cache sync 19 at Mon May  4 02:38:53 UTC 2026
Cache sync 20 at Mon May  4 02:38:53 UTC 2026
Cache sync 21 at Mon May  4 02:38:53 UTC 2026
Cache sync 22 at Mon May  4 02:38:53 UTC 2026
Cache sync 23 at Mon May  4 02:38:53 UTC 2026
Cache sync 24 at Mon May  4 02:38:53 UTC 2026
Cache sync 25 at Mon May  4 02:38:53 UTC 2026
Cache sync 26 at Mon May  4 02:38:53 UTC 2026
Cache sync 27 at Mon May  4 02:38:53 UTC 2026
Cache sync 28 at Mon May  4 02:38:53 UTC 2026
Cache sync 29 at Mon May  4 02:38:53 UTC 2026
Cache sync 30 at Mon May  4 02:38:53 UTC 2026
Cache sync 31 at Mon May  4 02:38:53 UTC 2026
Cache sync 32 at Mon May  4 02:38:53 UTC 2026
Cache sync 33 at Mon May  4 02:38:53 UTC 2026
Cache sync 34 at Mon May  4 02:38:53 UTC 2026
Cache sync 35 at Mon May  4 02:38:53 UTC 2026
Cache sync 36 at Mon May  4 02:38:53 UTC 2026
Cache sync 37 at Mon May  4 02:38:53 UTC 2026
Cache sync 38 at Mon May  4 02:38:53 UTC 2026
Cache sync 39 at Mon May  4 02:38:53 UTC 2026
Cache sync 40 at Mon May  4 02:38:53 UTC 2026
Cache sync 41 at Mon May  4 02:38:53 UTC 2026
Cache sync 42 at Mon May  4 02:38:53 UTC 2026
Cache sync 43 at Mon May  4 02:38:53 UTC 2026
Cache sync 44 at Mon May  4 02:38:53 UTC 2026
Cache sync 45 at Mon May  4 02:38:53 UTC 2026
Cache sync 46 at Mon May  4 02:38:53 UTC 2026
Cache sync 47 at Mon May  4 02:38:53 UTC 2026
Cache sync 48 at Mon May  4 02:38:53 UTC 2026
Cache sync 49 at Mon May  4 02:38:53 UTC 2026
Cache sync 50 at Mon May  4 02:38:53 UTC 2026
Cache sync 51 at Mon May  4 02:38:53 UTC 2026
Cache sync 52 at Mon May  4 02:38:53 UTC 2026
Cache sync 53 at Mon May  4 02:38:53 UTC 2026
Cache sync 54 at Mon May  4 02:38:53 UTC 2026
Cache sync 55 at Mon May  4 02:38:53 UTC 2026
Cache sync 56 at Mon May  4 02:38:53 UTC 2026
Cache sync 57 at Mon May  4 02:38:53 UTC 2026
Cache sync 58 at Mon May  4 02:38:53 UTC 2026
Cache sync 59 at Mon May  4 02:38:53 UTC 2026
Cache sync 60 at Mon May  4 02:38:53 UTC 2026
Cache sync 1 at Mon May  4 11:03:33 UTC 2026
Cache sync 2 at Mon May  4 11:03:33 UTC 2026
Cache sync 3 at Mon May  4 11:03:33 UTC 2026
Cache sync 4 at Mon May  4 11:03:33 UTC 2026
Cache sync 5 at Mon May  4 11:03:33 UTC 2026
Cache sync 6 at Mon May  4 11:03:33 UTC 2026
Cache sync 7 at Mon May  4 11:03:33 UTC 2026
Cache sync 8 at Mon May  4 11:03:33 UTC 2026
Cache sync 9 at Mon May  4 11:03:33 UTC 2026
Cache sync 10 at Mon May  4 11:03:33 UTC 2026
Cache sync 11 at Mon May  4 11:03:33 UTC 2026
Cache sync 12 at Mon May  4 11:03:33 UTC 2026
Cache sync 13 at Mon May  4 11:03:33 UTC 2026
Cache sync 14 at Mon May  4 11:03:33 UTC 2026
Cache sync 15 at Mon May  4 11:03:33 UTC 2026
Cache sync 16 at Mon May  4 11:03:33 UTC 2026
Cache sync 17 at Mon May  4 11:03:33 UTC 2026
Cache sync 18 at Mon May  4 11:03:33 UTC 2026
Cache sync 19 at Mon May  4 11:03:33 UTC 2026
Cache sync 20 at Mon May  4 11:03:33 UTC 2026
Cache sync 21 at Mon May  4 11:03:34 UTC 2026
Cache sync 22 at Mon May  4 11:03:34 UTC 2026
Cache sync 23 at Mon May  4 11:03:34 UTC 2026
Cache sync 24 at Mon May  4 11:03:34 UTC 2026
Cache sync 25 at Mon May  4 11:03:34 UTC 2026
Cache sync 26 at Mon May  4 11:03:34 UTC 2026
Cache sync 27 at Mon May  4 11:03:34 UTC 2026
Cache sync 28 at Mon May  4 11:03:34 UTC 2026
Cache sync 29 at Mon May  4 11:03:34 UTC 2026
Cache sync 30 at Mon May  4 11:03:34 UTC 2026
Cache sync 31 at Mon May  4 11:03:34 UTC 2026
Cache sync 32 at Mon May  4 11:03:34 UTC 2026
Cache sync 33 at Mon May  4 11:03:34 UTC 2026
Cache sync 34 at Mon May  4 11:03:34 UTC 2026
Cache sync 35 at Mon May  4 11:03:34 UTC 2026
Cache sync 36 at Mon May  4 11:03:34 UTC 2026
Cache sync 37 at Mon May  4 11:03:34 UTC 2026
Cache sync 38 at Mon May  4 11:03:34 UTC 2026
Cache sync 39 at Mon May  4 11:03:34 UTC 2026
Cache sync 40 at Mon May  4 11:03:34 UTC 2026
Cache sync 41 at Mon May  4 11:03:34 UTC 2026
Cache sync 42 at Mon May  4 11:03:34 UTC 2026
Cache sync 43 at Mon May  4 11:03:34 UTC 2026
Cache sync 44 at Mon May  4 11:03:34 UTC 2026
Cache sync 45 at Mon May  4 11:03:34 UTC 2026
Cache sync 46 at Mon May  4 11:03:34 UTC 2026
Cache sync 47 at Mon May  4 11:03:34 UTC 2026
Cache sync 48 at Mon May  4 11:03:34 UTC 2026
Cache sync 49 at Mon May  4 11:03:34 UTC 2026
Cache sync 50 at Mon May  4 11:03:34 UTC 2026
Cache sync 51 at Mon May  4 11:03:34 UTC 2026
Cache sync 52 at Mon May  4 11:03:34 UTC 2026
Cache sync 53 at Mon May  4 11:03:34 UTC 2026
Cache sync 54 at Mon May  4 11:03:34 UTC 2026
Cache sync 55 at Mon May  4 11:03:34 UTC 2026
Cache sync 56 at Mon May  4 11:03:34 UTC 2026
Cache sync 57 at Mon May  4 11:03:34 UTC 2026
Cache sync 58 at Mon May  4 11:03:34 UTC 2026
Cache sync 59 at Mon May  4 11:03:34 UTC 2026
Cache sync 60 at Mon May  4 11:03:34 UTC 2026
Cache sync 61 at Mon May  4 11:03:34 UTC 2026
Cache sync 62 at Mon May  4 11:03:34 UTC 2026
Cache sync 63 at Mon May  4 11:03:34 UTC 2026
Cache sync 64 at Mon May  4 11:03:34 UTC 2026
Cache sync 65 at Mon May  4 11:03:34 UTC 2026
Cache sync 1 at Mon May  4 13:54:32 UTC 2026
Cache sync 2 at Mon May  4 13:54:32 UTC 2026
Cache sync 3 at Mon May  4 13:54:32 UTC 2026
Cache sync 4 at Mon May  4 13:54:32 UTC 2026
Cache sync 5 at Mon May  4 13:54:32 UTC 2026
Cache sync 6 at Mon May  4 13:54:32 UTC 2026
Cache sync 7 at Mon May  4 13:54:32 UTC 2026
Cache sync 8 at Mon May  4 13:54:32 UTC 2026
Cache sync 9 at Mon May  4 13:54:32 UTC 2026
Cache sync 10 at Mon May  4 13:54:32 UTC 2026
Cache sync 11 at Mon May  4 13:54:32 UTC 2026
Cache sync 12 at Mon May  4 13:54:32 UTC 2026
Cache sync 13 at Mon May  4 13:54:32 UTC 2026
Cache sync 14 at Mon May  4 13:54:32 UTC 2026
Cache sync 15 at Mon May  4 13:54:32 UTC 2026
Cache sync 16 at Mon May  4 13:54:32 UTC 2026
Cache sync 17 at Mon May  4 13:54:32 UTC 2026
Cache sync 18 at Mon May  4 13:54:32 UTC 2026
Cache sync 19 at Mon May  4 13:54:32 UTC 2026
Cache sync 20 at Mon May  4 13:54:32 UTC 2026
Cache sync 21 at Mon May  4 13:54:32 UTC 2026
Cache sync 22 at Mon May  4 13:54:32 UTC 2026
Cache sync 23 at Mon May  4 13:54:32 UTC 2026
Cache sync 24 at Mon May  4 13:54:32 UTC 2026
Cache sync 25 at Mon May  4 13:54:32 UTC 2026
Cache sync 26 at Mon May  4 13:54:32 UTC 2026
Cache sync 27 at Mon May  4 13:54:32 UTC 2026
Cache sync 28 at Mon May  4 13:54:32 UTC 2026
Cache sync 29 at Mon May  4 13:54:32 UTC 2026
Cache sync 30 at Mon May  4 13:54:32 UTC 2026
Cache sync 31 at Mon May  4 13:54:32 UTC 2026
Cache sync 32 at Mon May  4 13:54:32 UTC 2026
Cache sync 33 at Mon May  4 13:54:32 UTC 2026
Cache sync 34 at Mon May  4 13:54:32 UTC 2026
Cache sync 35 at Mon May  4 13:54:32 UTC 2026
Cache sync 36 at Mon May  4 13:54:32 UTC 2026
Cache sync 37 at Mon May  4 13:54:32 UTC 2026
Cache sync 38 at Mon May  4 13:54:32 UTC 2026
Cache sync 39 at Mon May  4 13:54:32 UTC 2026
Cache sync 40 at Mon May  4 13:54:32 UTC 2026
Cache sync 41 at Mon May  4 13:54:32 UTC 2026
Cache sync 42 at Mon May  4 13:54:32 UTC 2026
Cache sync 43 at Mon May  4 13:54:32 UTC 2026
Cache sync 44 at Mon May  4 13:54:32 UTC 2026
Cache sync 45 at Mon May  4 13:54:32 UTC 2026
Cache sync 46 at Mon May  4 13:54:32 UTC 2026
Cache sync 47 at Mon May  4 13:54:32 UTC 2026
Cache sync 48 at Mon May  4 13:54:32 UTC 2026
Cache sync 49 at Mon May  4 13:54:32 UTC 2026
Cache sync 50 at Mon May  4 13:54:32 UTC 2026
Cache sync 51 at Mon May  4 13:54:32 UTC 2026
Cache sync 52 at Mon May  4 13:54:32 UTC 2026
Cache sync 53 at Mon May  4 13:54:32 UTC 2026
Cache sync 54 at Mon May  4 13:54:32 UTC 2026
Cache sync 55 at Mon May  4 13:54:32 UTC 2026
Cache sync 56 at Mon May  4 13:54:32 UTC 2026
Cache sync 57 at Mon May  4 13:54:32 UTC 2026
Cache sync 58 at Mon May  4 13:54:32 UTC 2026
Cache sync 59 at Mon May  4 13:54:32 UTC 2026
Cache sync 60 at Mon May  4 13:54:32 UTC 2026
Cache sync 61 at Mon May  4 13:54:32 UTC 2026
Cache sync 62 at Mon May  4 13:54:32 UTC 2026
Cache sync 63 at Mon May  4 13:54:32 UTC 2026
Cache sync 64 at Mon May  4 13:54:32 UTC 2026
Cache sync 65 at Mon May  4 13:54:32 UTC 2026
Cache sync 66 at Mon May  4 13:54:32 UTC 2026
Cache sync 67 at Mon May  4 13:54:32 UTC 2026
Cache sync 68 at Mon May  4 13:54:32 UTC 2026
Cache sync 69 at Mon May  4 13:54:33 UTC 2026
Cache sync 70 at Mon May  4 13:54:33 UTC 2026
Cache sync 71 at Mon May  4 13:54:33 UTC 2026
Cache sync 72 at Mon May  4 13:54:33 UTC 2026
Cache sync 73 at Mon May  4 13:54:33 UTC 2026
Cache sync 74 at Mon May  4 13:54:33 UTC 2026
Cache sync 75 at Mon May  4 13:54:33 UTC 2026
Cache sync 76 at Mon May  4 13:54:33 UTC 2026
Cache sync 77 at Mon May  4 13:54:33 UTC 2026
Cache sync 78 at Mon May  4 13:54:33 UTC 2026
Cache sync 1 at Mon May  4 16:44:22 UTC 2026
Cache sync 2 at Mon May  4 16:44:22 UTC 2026
Cache sync 3 at Mon May  4 16:44:22 UTC 2026
Cache sync 4 at Mon May  4 16:44:22 UTC 2026
Cache sync 5 at Mon May  4 16:44:22 UTC 2026
Cache sync 6 at Mon May  4 16:44:22 UTC 2026
Cache sync 7 at Mon May  4 16:44:22 UTC 2026
Cache sync 8 at Mon May  4 16:44:22 UTC 2026
Cache sync 9 at Mon May  4 16:44:22 UTC 2026
Cache sync 10 at Mon May  4 16:44:22 UTC 2026
Cache sync 11 at Mon May  4 16:44:22 UTC 2026
Cache sync 12 at Mon May  4 16:44:22 UTC 2026
Cache sync 13 at Mon May  4 16:44:22 UTC 2026
Cache sync 14 at Mon May  4 16:44:22 UTC 2026
Cache sync 15 at Mon May  4 16:44:22 UTC 2026
Cache sync 16 at Mon May  4 16:44:22 UTC 2026
Cache sync 17 at Mon May  4 16:44:22 UTC 2026
Cache sync 18 at Mon May  4 16:44:22 UTC 2026
Cache sync 19 at Mon May  4 16:44:22 UTC 2026
Cache sync 20 at Mon May  4 16:44:22 UTC 2026
Cache sync 21 at Mon May  4 16:44:22 UTC 2026
Cache sync 22 at Mon May  4 16:44:22 UTC 2026
Cache sync 23 at Mon May  4 16:44:22 UTC 2026
Cache sync 24 at Mon May  4 16:44:22 UTC 2026
Cache sync 25 at Mon May  4 16:44:22 UTC 2026
Cache sync 26 at Mon May  4 16:44:22 UTC 2026
Cache sync 27 at Mon May  4 16:44:22 UTC 2026
Cache sync 28 at Mon May  4 16:44:22 UTC 2026
Cache sync 29 at Mon May  4 16:44:22 UTC 2026
Cache sync 30 at Mon May  4 16:44:23 UTC 2026
Cache sync 31 at Mon May  4 16:44:23 UTC 2026
Cache sync 32 at Mon May  4 16:44:23 UTC 2026
Cache sync 33 at Mon May  4 16:44:23 UTC 2026
Cache sync 34 at Mon May  4 16:44:23 UTC 2026
Cache sync 35 at Mon May  4 16:44:23 UTC 2026
Cache sync 36 at Mon May  4 16:44:23 UTC 2026
Cache sync 37 at Mon May  4 16:44:23 UTC 2026
Cache sync 38 at Mon May  4 16:44:23 UTC 2026
Cache sync 39 at Mon May  4 16:44:23 UTC 2026
Cache sync 40 at Mon May  4 16:44:23 UTC 2026
Cache sync 41 at Mon May  4 16:44:23 UTC 2026
Cache sync 42 at Mon May  4 16:44:23 UTC 2026
Cache sync 43 at Mon May  4 16:44:23 UTC 2026
Cache sync 44 at Mon May  4 16:44:23 UTC 2026
Cache sync 45 at Mon May  4 16:44:23 UTC 2026
Cache sync 46 at Mon May  4 16:44:23 UTC 2026
Cache sync 47 at Mon May  4 16:44:23 UTC 2026
Cache sync 48 at Mon May  4 16:44:23 UTC 2026
Cache sync 49 at Mon May  4 16:44:23 UTC 2026
Cache sync 50 at Mon May  4 16:44:23 UTC 2026
Cache sync 51 at Mon May  4 16:44:23 UTC 2026
Cache sync 52 at Mon May  4 16:44:23 UTC 2026
Cache sync 53 at Mon May  4 16:44:23 UTC 2026
Cache sync 54 at Mon May  4 16:44:23 UTC 2026
Cache sync 1 at Mon May  4 19:25:53 UTC 2026
Cache sync 2 at Mon May  4 19:25:53 UTC 2026
Cache sync 3 at Mon May  4 19:25:53 UTC 2026
Cache sync 4 at Mon May  4 19:25:53 UTC 2026
Cache sync 5 at Mon May  4 19:25:53 UTC 2026
Cache sync 6 at Mon May  4 19:25:53 UTC 2026
Cache sync 7 at Mon May  4 19:25:53 UTC 2026
Cache sync 8 at Mon May  4 19:25:53 UTC 2026
Cache sync 9 at Mon May  4 19:25:53 UTC 2026
Cache sync 10 at Mon May  4 19:25:53 UTC 2026
Cache sync 11 at Mon May  4 19:25:53 UTC 2026
Cache sync 12 at Mon May  4 19:25:53 UTC 2026
Cache sync 13 at Mon May  4 19:25:53 UTC 2026
Cache sync 14 at Mon May  4 19:25:53 UTC 2026
Cache sync 15 at Mon May  4 19:25:53 UTC 2026
Cache sync 16 at Mon May  4 19:25:53 UTC 2026
Cache sync 17 at Mon May  4 19:25:53 UTC 2026
Cache sync 18 at Mon May  4 19:25:53 UTC 2026
Cache sync 19 at Mon May  4 19:25:53 UTC 2026
Cache sync 20 at Mon May  4 19:25:53 UTC 2026
Cache sync 21 at Mon May  4 19:25:53 UTC 2026
Cache sync 22 at Mon May  4 19:25:53 UTC 2026
Cache sync 23 at Mon May  4 19:25:53 UTC 2026
Cache sync 24 at Mon May  4 19:25:53 UTC 2026
Cache sync 25 at Mon May  4 19:25:53 UTC 2026
Cache sync 26 at Mon May  4 19:25:53 UTC 2026
Cache sync 27 at Mon May  4 19:25:53 UTC 2026
Cache sync 28 at Mon May  4 19:25:53 UTC 2026
Cache sync 29 at Mon May  4 19:25:53 UTC 2026
Cache sync 30 at Mon May  4 19:25:53 UTC 2026
Cache sync 31 at Mon May  4 19:25:54 UTC 2026
Cache sync 32 at Mon May  4 19:25:54 UTC 2026
Cache sync 33 at Mon May  4 19:25:54 UTC 2026
Cache sync 34 at Mon May  4 19:25:54 UTC 2026
Cache sync 35 at Mon May  4 19:25:54 UTC 2026
Cache sync 36 at Mon May  4 19:25:54 UTC 2026
Cache sync 37 at Mon May  4 19:25:54 UTC 2026
Cache sync 38 at Mon May  4 19:25:54 UTC 2026
Cache sync 39 at Mon May  4 19:25:54 UTC 2026
Cache sync 40 at Mon May  4 19:25:54 UTC 2026
Cache sync 41 at Mon May  4 19:25:54 UTC 2026
Cache sync 42 at Mon May  4 19:25:54 UTC 2026
Cache sync 43 at Mon May  4 19:25:54 UTC 2026
Cache sync 44 at Mon May  4 19:25:54 UTC 2026
Cache sync 1 at Mon May  4 21:58:05 UTC 2026
Cache sync 2 at Mon May  4 21:58:05 UTC 2026
Cache sync 3 at Mon May  4 21:58:05 UTC 2026
Cache sync 4 at Mon May  4 21:58:05 UTC 2026
Cache sync 5 at Mon May  4 21:58:05 UTC 2026
Cache sync 6 at Mon May  4 21:58:05 UTC 2026
Cache sync 7 at Mon May  4 21:58:05 UTC 2026
Cache sync 8 at Mon May  4 21:58:05 UTC 2026
Cache sync 9 at Mon May  4 21:58:05 UTC 2026
Cache sync 10 at Mon May  4 21:58:05 UTC 2026
Cache sync 11 at Mon May  4 21:58:05 UTC 2026
Cache sync 12 at Mon May  4 21:58:05 UTC 2026
Cache sync 13 at Mon May  4 21:58:05 UTC 2026
Cache sync 14 at Mon May  4 21:58:05 UTC 2026
Cache sync 15 at Mon May  4 21:58:05 UTC 2026
Cache sync 16 at Mon May  4 21:58:05 UTC 2026
Cache sync 17 at Mon May  4 21:58:05 UTC 2026
Cache sync 18 at Mon May  4 21:58:05 UTC 2026
Cache sync 19 at Mon May  4 21:58:05 UTC 2026
Cache sync 20 at Mon May  4 21:58:05 UTC 2026
Cache sync 21 at Mon May  4 21:58:05 UTC 2026
Cache sync 22 at Mon May  4 21:58:05 UTC 2026
Cache sync 23 at Mon May  4 21:58:05 UTC 2026
Cache sync 24 at Mon May  4 21:58:05 UTC 2026
Cache sync 25 at Mon May  4 21:58:05 UTC 2026
Cache sync 26 at Mon May  4 21:58:05 UTC 2026
Cache sync 27 at Mon May  4 21:58:05 UTC 2026
Cache sync 28 at Mon May  4 21:58:05 UTC 2026
Cache sync 29 at Mon May  4 21:58:05 UTC 2026
Cache sync 30 at Mon May  4 21:58:05 UTC 2026
Cache sync 31 at Mon May  4 21:58:05 UTC 2026
Cache sync 32 at Mon May  4 21:58:05 UTC 2026
Cache sync 33 at Mon May  4 21:58:05 UTC 2026
Cache sync 34 at Mon May  4 21:58:05 UTC 2026
Cache sync 35 at Mon May  4 21:58:05 UTC 2026
Cache sync 36 at Mon May  4 21:58:05 UTC 2026
Cache sync 37 at Mon May  4 21:58:05 UTC 2026
Cache sync 38 at Mon May  4 21:58:05 UTC 2026
Cache sync 39 at Mon May  4 21:58:05 UTC 2026
Cache sync 40 at Mon May  4 21:58:05 UTC 2026
Cache sync 41 at Mon May  4 21:58:05 UTC 2026
Cache sync 42 at Mon May  4 21:58:05 UTC 2026
Cache sync 43 at Mon May  4 21:58:05 UTC 2026
Cache sync 44 at Mon May  4 21:58:05 UTC 2026
Cache sync 45 at Mon May  4 21:58:05 UTC 2026
Cache sync 46 at Mon May  4 21:58:05 UTC 2026
Cache sync 47 at Mon May  4 21:58:05 UTC 2026
Cache sync 48 at Mon May  4 21:58:05 UTC 2026
Cache sync 49 at Mon May  4 21:58:05 UTC 2026
Cache sync 50 at Mon May  4 21:58:05 UTC 2026
Cache sync 51 at Mon May  4 21:58:05 UTC 2026
Cache sync 52 at Mon May  4 21:58:05 UTC 2026
Cache sync 53 at Mon May  4 21:58:05 UTC 2026
Cache sync 54 at Mon May  4 21:58:05 UTC 2026
Cache sync 55 at Mon May  4 21:58:05 UTC 2026
Cache sync 56 at Mon May  4 21:58:05 UTC 2026
Cache sync 57 at Mon May  4 21:58:05 UTC 2026
Cache sync 58 at Mon May  4 21:58:05 UTC 2026
Cache sync 59 at Mon May  4 21:58:05 UTC 2026
Cache sync 60 at Mon May  4 21:58:05 UTC 2026
Cache sync 61 at Mon May  4 21:58:05 UTC 2026
Cache sync 62 at Mon May  4 21:58:05 UTC 2026
Cache sync 63 at Mon May  4 21:58:06 UTC 2026
Cache sync 64 at Mon May  4 21:58:06 UTC 2026
Cache sync 65 at Mon May  4 21:58:06 UTC 2026
Cache sync 66 at Mon May  4 21:58:06 UTC 2026
Cache sync 67 at Mon May  4 21:58:06 UTC 2026
Cache sync 68 at Mon May  4 21:58:06 UTC 2026
Cache sync 69 at Mon May  4 21:58:06 UTC 2026
Cache sync 70 at Mon May  4 21:58:06 UTC 2026
Cache sync 71 at Mon May  4 21:58:06 UTC 2026
Cache sync 72 at Mon May  4 21:58:06 UTC 2026
Cache sync 73 at Mon May  4 21:58:06 UTC 2026
Cache sync 74 at Mon May  4 21:58:06 UTC 2026
Cache sync 75 at Mon May  4 21:58:06 UTC 2026
Cache sync 76 at Mon May  4 21:58:06 UTC 2026
Cache sync 77 at Mon May  4 21:58:06 UTC 2026
Cache sync 78 at Mon May  4 21:58:06 UTC 2026
Cache sync 79 at Mon May  4 21:58:06 UTC 2026
Cache sync 1 at Tue May  5 02:32:40 UTC 2026
Cache sync 2 at Tue May  5 02:32:41 UTC 2026
Cache sync 3 at Tue May  5 02:32:41 UTC 2026
Cache sync 4 at Tue May  5 02:32:41 UTC 2026
Cache sync 5 at Tue May  5 02:32:41 UTC 2026
Cache sync 6 at Tue May  5 02:32:41 UTC 2026
Cache sync 7 at Tue May  5 02:32:41 UTC 2026
Cache sync 8 at Tue May  5 02:32:41 UTC 2026
Cache sync 9 at Tue May  5 02:32:41 UTC 2026
Cache sync 10 at Tue May  5 02:32:41 UTC 2026
Cache sync 11 at Tue May  5 02:32:41 UTC 2026
Cache sync 12 at Tue May  5 02:32:41 UTC 2026
Cache sync 13 at Tue May  5 02:32:41 UTC 2026
Cache sync 14 at Tue May  5 02:32:41 UTC 2026
Cache sync 15 at Tue May  5 02:32:41 UTC 2026
Cache sync 16 at Tue May  5 02:32:41 UTC 2026
Cache sync 17 at Tue May  5 02:32:41 UTC 2026
